#
# There is insufficient memory for the Java Runtime Environment to continue.
# Native memory allocation (malloc) failed to allocate 1179696 bytes for Chunk::new
# Possible reasons:
#   The system is out of physical RAM or swap space
#   The process is running with CompressedOops enabled, and the Java Heap may be blocking the growth of the native heap
# Possible solutions:
#   Reduce memory load on the system
#   Increase physical memory or swap space
#   Check if swap backing store is full
#   Decrease Java heap size (-Xmx/-Xms)
#   Decrease number of Java threads
#   Decrease Java thread stack sizes (-Xss)
#   Set larger code cache with -XX:ReservedCodeCacheSize=
#   JVM is running with Unscaled Compressed Oops mode in which the Java heap is
#     placed in the first 4GB address space. The Java Heap base address is the
#     maximum limit for the native heap growth. Please use -XX:HeapBaseMinAddress
#     to set the Java Heap base and to place the Java Heap above 4GB virtual address.
# This output file may be truncated or incomplete.
#
#  Out of Memory Error (arena.cpp:168), pid=10780, tid=27248
#
# JRE version: Java(TM) SE Runtime Environment (21.0.2+13) (build 21.0.2+13-LTS-58)
# Java VM: Java HotSpot(TM) 64-Bit Server VM (21.0.2+13-LTS-58, mixed mode, sharing, tiered, compressed oops, compressed class ptrs, g1 gc, windows-amd64)
# No core dump will be written. Minidumps are not enabled by default on client versions of Windows
#

---------------  S U M M A R Y ------------

Command Line: --add-opens=java.base/java.lang=ALL-UNNAMED --add-opens=java.base/java.lang.invoke=ALL-UNNAMED --add-opens=java.base/java.util=ALL-UNNAMED --add-opens=java.prefs/java.util.prefs=ALL-UNNAMED --add-exports=jdk.compiler/com.sun.tools.javac.api=ALL-UNNAMED --add-exports=jdk.compiler/com.sun.tools.javac.util=ALL-UNNAMED --add-opens=java.base/java.util=ALL-UNNAMED --add-opens=java.prefs/java.util.prefs=ALL-UNNAMED --add-opens=java.base/java.nio.charset=ALL-UNNAMED --add-opens=java.base/java.net=ALL-UNNAMED --add-opens=java.base/java.util.concurrent.atomic=ALL-UNNAMED --add-opens=java.xml/javax.xml.namespace=ALL-UNNAMED -XX:MaxMetaspaceSize=384m -XX:+HeapDumpOnOutOfMemoryError -Xms256m -Xmx512m -Dfile.encoding=UTF-8 -Duser.country=IN -Duser.language=en -Duser.variant -javaagent:C:\Users\ADMIN\.gradle\wrapper\dists\gradle-8.14.3-bin\cv11ve7ro1n3o1j4so8xd9n66\gradle-8.14.3\lib\agents\gradle-instrumentation-agent-8.14.3.jar org.gradle.launcher.daemon.bootstrap.GradleDaemon 8.14.3

Host: 12th Gen Intel(R) Core(TM) i5-1235U, 12 cores, 7G,  Windows 11 , 64 bit Build 26100 (10.0.26100.4202)
Time: Mon Jul 28 17:43:36 2025 India Standard Time elapsed time: 56.603884 seconds (0d 0h 0m 56s)

---------------  T H R E A D  ---------------

Current thread (0x00000208b3a501e0):  JavaThread "C2 CompilerThread0" daemon [_thread_in_native, id=27248, stack(0x00000081b3800000,0x00000081b3900000) (1024K)]


Current CompileTask:
C2:  56604 6371 %     4       groovyjarjarantlr4.v4.runtime.atn.LexerATNSimulator::getReachableConfigSet @ 77 (198 bytes)

Stack: [0x00000081b3800000,0x00000081b3900000]
Native frames: (J=compiled Java code, j=interpreted, Vv=VM code, C=native code)
V  [jvm.dll+0x6cade9]
V  [jvm.dll+0x8569c1]
V  [jvm.dll+0x858d2e]
V  [jvm.dll+0x859413]
V  [jvm.dll+0x280e56]
V  [jvm.dll+0xc3f3d]
V  [jvm.dll+0xc4473]
V  [jvm.dll+0x3b5bf2]
V  [jvm.dll+0x1e2209]
V  [jvm.dll+0x249d22]
V  [jvm.dll+0x2491b1]
V  [jvm.dll+0x1c9634]
V  [jvm.dll+0x258859]
V  [jvm.dll+0x256e3a]
V  [jvm.dll+0x3ef6c6]
V  [jvm.dll+0x7ff568]
V  [jvm.dll+0x6c953d]
C  [ucrtbase.dll+0x37b0]
C  [KERNEL32.DLL+0x2e8d7]
C  [ntdll.dll+0x3c34c]


---------------  P R O C E S S  ---------------

Threads class SMR info:
_java_thread_list=0x00000208b3dfcfa0, length=54, elements={
0x00000208966628a0, 0x00000208b391e0b0, 0x00000208b3a3ac20, 0x00000208b3a3c800,
0x00000208b3a3d260, 0x00000208b3a41840, 0x00000208b3a4a3e0, 0x00000208b3a501e0,
0x00000208b3a535c0, 0x00000208b3b19550, 0x00000208b3d54ac0, 0x00000208b3e255f0,
0x00000208cd1ab980, 0x00000208ce56d250, 0x00000208ce798980, 0x00000208ce779cb0,
0x00000208ce68be80, 0x00000208ce6b6ca0, 0x00000208ce6b8050, 0x00000208ce6b7330,
0x00000208ce6b5f80, 0x00000208ce6b6610, 0x00000208ce6b79c0, 0x00000208ce6b58f0,
0x00000208ce6b5260, 0x00000208d0598930, 0x00000208d0596860, 0x00000208d05982a0,
0x00000208d05954b0, 0x00000208d0598fc0, 0x00000208d0596ef0, 0x00000208d0595b40,
0x00000208d0599650, 0x00000208d0597580, 0x00000208d0597c10, 0x00000208d05961d0,
0x00000208d059b720, 0x00000208d059bdb0, 0x00000208d059aa00, 0x00000208d059cad0,
0x00000208d059a370, 0x00000208d0599ce0, 0x00000208d059b090, 0x00000208d1b55fa0,
0x00000208d1b55910, 0x00000208d1b579e0, 0x00000208d1b55280, 0x00000208d1b56630,
0x00000208d1b56cc0, 0x00000208d1b58070, 0x00000208d1b54bf0, 0x00000208d1b5ae60,
0x00000208cf6e13a0, 0x00000208cf6e0600
}

Java Threads: ( => current thread )
  0x00000208966628a0 JavaThread "main"                              [_thread_blocked, id=19104, stack(0x00000081b2a00000,0x00000081b2b00000) (1024K)]
  0x00000208b391e0b0 JavaThread "Reference Handler"          daemon [_thread_blocked, id=14772, stack(0x00000081b3200000,0x00000081b3300000) (1024K)]
  0x00000208b3a3ac20 JavaThread "Finalizer"                  daemon [_thread_blocked, id=4980, stack(0x00000081b3300000,0x00000081b3400000) (1024K)]
  0x00000208b3a3c800 JavaThread "Signal Dispatcher"          daemon [_thread_blocked, id=23912, stack(0x00000081b3400000,0x00000081b3500000) (1024K)]
  0x00000208b3a3d260 JavaThread "Attach Listener"            daemon [_thread_blocked, id=24684, stack(0x00000081b3500000,0x00000081b3600000) (1024K)]
  0x00000208b3a41840 JavaThread "Service Thread"             daemon [_thread_blocked, id=2092, stack(0x00000081b3600000,0x00000081b3700000) (1024K)]
  0x00000208b3a4a3e0 JavaThread "Monitor Deflation Thread"   daemon [_thread_blocked, id=8460, stack(0x00000081b3700000,0x00000081b3800000) (1024K)]
=>0x00000208b3a501e0 JavaThread "C2 CompilerThread0"         daemon [_thread_in_native, id=27248, stack(0x00000081b3800000,0x00000081b3900000) (1024K)]
  0x00000208b3a535c0 JavaThread "C1 CompilerThread0"         daemon [_thread_blocked, id=22088, stack(0x00000081b3900000,0x00000081b3a00000) (1024K)]
  0x00000208b3b19550 JavaThread "Common-Cleaner"             daemon [_thread_blocked, id=15000, stack(0x00000081b3a00000,0x00000081b3b00000) (1024K)]
  0x00000208b3d54ac0 JavaThread "Notification Thread"        daemon [_thread_blocked, id=26740, stack(0x00000081b3b00000,0x00000081b3c00000) (1024K)]
  0x00000208b3e255f0 JavaThread "Daemon health stats"               [_thread_blocked, id=1840, stack(0x00000081b4400000,0x00000081b4500000) (1024K)]
  0x00000208cd1ab980 JavaThread "Incoming local TCP Connector on port 63753"        [_thread_in_native, id=4932, stack(0x00000081b4500000,0x00000081b4600000) (1024K)]
  0x00000208ce56d250 JavaThread "Daemon periodic checks"            [_thread_blocked, id=18648, stack(0x00000081b4600000,0x00000081b4700000) (1024K)]
  0x00000208ce798980 JavaThread "Daemon"                            [_thread_blocked, id=24728, stack(0x00000081b4700000,0x00000081b4800000) (1024K)]
  0x00000208ce779cb0 JavaThread "Handler for socket connection from /127.0.0.1:63753 to /127.0.0.1:63754"        [_thread_in_native, id=14220, stack(0x00000081b4800000,0x00000081b4900000) (1024K)]
  0x00000208ce68be80 JavaThread "Cancel handler"                    [_thread_blocked, id=25796, stack(0x00000081b4900000,0x00000081b4a00000) (1024K)]
  0x00000208ce6b6ca0 JavaThread "Daemon worker"                     [_thread_in_vm, id=18464, stack(0x00000081b4a00000,0x00000081b4b00000) (1024K)]
  0x00000208ce6b8050 JavaThread "Asynchronous log dispatcher for DefaultDaemonConnection: socket connection from /127.0.0.1:63753 to /127.0.0.1:63754"        [_thread_blocked, id=21116, stack(0x00000081b4b00000,0x00000081b4c00000) (1024K)]
  0x00000208ce6b7330 JavaThread "Stdin handler"                     [_thread_blocked, id=9752, stack(0x00000081b4c00000,0x00000081b4d00000) (1024K)]
  0x00000208ce6b5f80 JavaThread "Daemon client event forwarder"        [_thread_blocked, id=23668, stack(0x00000081b4d00000,0x00000081b4e00000) (1024K)]
  0x00000208ce6b6610 JavaThread "Cache worker for journal cache (C:\Users\ADMIN\.gradle\caches\journal-1)"        [_thread_blocked, id=20372, stack(0x00000081b4e00000,0x00000081b4f00000) (1024K)]
  0x00000208ce6b79c0 JavaThread "File lock request listener"        [_thread_in_native, id=16936, stack(0x00000081b4f00000,0x00000081b5000000) (1024K)]
  0x00000208ce6b58f0 JavaThread "Cache worker for file hash cache (C:\Users\ADMIN\.gradle\caches\8.14.3\fileHashes)"        [_thread_blocked, id=23812, stack(0x00000081b5000000,0x00000081b5100000) (1024K)]
  0x00000208ce6b5260 JavaThread "Cache worker for file hash cache (E:\SpringBoot\StudentsCRUD\.gradle\8.14.3\fileHashes)"        [_thread_blocked, id=7476, stack(0x00000081b5400000,0x00000081b5500000) (1024K)]
  0x00000208d0598930 JavaThread "Cache worker for Build Output Cleanup Cache (E:\SpringBoot\StudentsCRUD\.gradle\buildOutputCleanup)"        [_thread_blocked, id=21512, stack(0x00000081b5500000,0x00000081b5600000) (1024K)]
  0x00000208d0596860 JavaThread "File watcher server"        daemon [_thread_in_native, id=16680, stack(0x00000081b5600000,0x00000081b5700000) (1024K)]
  0x00000208d05982a0 JavaThread "File watcher consumer"      daemon [_thread_blocked, id=6056, stack(0x00000081b5700000,0x00000081b5800000) (1024K)]
  0x00000208d05954b0 JavaThread "jar transforms"                    [_thread_blocked, id=14176, stack(0x00000081b5800000,0x00000081b5900000) (1024K)]
  0x00000208d0598fc0 JavaThread "jar transforms Thread 2"           [_thread_blocked, id=12164, stack(0x00000081b5900000,0x00000081b5a00000) (1024K)]
  0x00000208d0596ef0 JavaThread "jar transforms Thread 3"           [_thread_blocked, id=25336, stack(0x00000081b5a00000,0x00000081b5b00000) (1024K)]
  0x00000208d0595b40 JavaThread "jar transforms Thread 4"           [_thread_blocked, id=21120, stack(0x00000081b5b00000,0x00000081b5c00000) (1024K)]
  0x00000208d0599650 JavaThread "jar transforms Thread 5"           [_thread_blocked, id=6272, stack(0x00000081b5c00000,0x00000081b5d00000) (1024K)]
  0x00000208d0597580 JavaThread "jar transforms Thread 6"           [_thread_blocked, id=4732, stack(0x00000081b5d00000,0x00000081b5e00000) (1024K)]
  0x00000208d0597c10 JavaThread "jar transforms Thread 7"           [_thread_blocked, id=18176, stack(0x00000081b5e00000,0x00000081b5f00000) (1024K)]
  0x00000208d05961d0 JavaThread "jar transforms Thread 8"           [_thread_blocked, id=18448, stack(0x00000081b5f00000,0x00000081b6000000) (1024K)]
  0x00000208d059b720 JavaThread "jar transforms Thread 9"           [_thread_blocked, id=4608, stack(0x00000081b6000000,0x00000081b6100000) (1024K)]
  0x00000208d059bdb0 JavaThread "jar transforms Thread 10"          [_thread_blocked, id=26372, stack(0x00000081b6100000,0x00000081b6200000) (1024K)]
  0x00000208d059aa00 JavaThread "jar transforms Thread 11"          [_thread_blocked, id=25812, stack(0x00000081b6200000,0x00000081b6300000) (1024K)]
  0x00000208d059cad0 JavaThread "jar transforms Thread 12"          [_thread_blocked, id=15176, stack(0x00000081b6300000,0x00000081b6400000) (1024K)]
  0x00000208d059a370 JavaThread "Cache worker for checksums cache (E:\SpringBoot\StudentsCRUD\.gradle\8.14.3\checksums)"        [_thread_blocked, id=18764, stack(0x00000081b6500000,0x00000081b6600000) (1024K)]
  0x00000208d0599ce0 JavaThread "Cache worker for file content cache (C:\Users\ADMIN\.gradle\caches\8.14.3\fileContent)"        [_thread_blocked, id=25000, stack(0x00000081b6600000,0x00000081b6700000) (1024K)]
  0x00000208d059b090 JavaThread "Cache worker for cache directory md-supplier (C:\Users\ADMIN\.gradle\caches\8.14.3\md-supplier)"        [_thread_blocked, id=1092, stack(0x00000081b6400000,0x00000081b6500000) (1024K)]
  0x00000208d1b55fa0 JavaThread "Cache worker for cache directory md-rule (C:\Users\ADMIN\.gradle\caches\8.14.3\md-rule)"        [_thread_blocked, id=13336, stack(0x00000081b6700000,0x00000081b6800000) (1024K)]
  0x00000208d1b55910 JavaThread "Unconstrained build operations"        [_thread_blocked, id=2364, stack(0x00000081b6800000,0x00000081b6900000) (1024K)]
  0x00000208d1b579e0 JavaThread "Unconstrained build operations Thread 2"        [_thread_blocked, id=11060, stack(0x00000081b6900000,0x00000081b6a00000) (1024K)]
  0x00000208d1b55280 JavaThread "Unconstrained build operations Thread 3"        [_thread_blocked, id=11940, stack(0x00000081b6a00000,0x00000081b6b00000) (1024K)]
  0x00000208d1b56630 JavaThread "Unconstrained build operations Thread 4"        [_thread_blocked, id=7692, stack(0x00000081b6b00000,0x00000081b6c00000) (1024K)]
  0x00000208d1b56cc0 JavaThread "Unconstrained build operations Thread 5"        [_thread_blocked, id=14992, stack(0x00000081b6c00000,0x00000081b6d00000) (1024K)]
  0x00000208d1b58070 JavaThread "Unconstrained build operations Thread 6"        [_thread_blocked, id=21332, stack(0x00000081b6d00000,0x00000081b6e00000) (1024K)]
  0x00000208d1b54bf0 JavaThread "Unconstrained build operations Thread 7"        [_thread_blocked, id=3328, stack(0x00000081b6e00000,0x00000081b6f00000) (1024K)]
  0x00000208d1b5ae60 JavaThread "Unconstrained build operations Thread 8"        [_thread_blocked, id=17132, stack(0x00000081b6f00000,0x00000081b7000000) (1024K)]
  0x00000208cf6e13a0 JavaThread "C2 CompilerThread1"         daemon [_thread_in_native, id=13028, stack(0x00000081b7000000,0x00000081b7100000) (1024K)]
  0x00000208cf6e0600 JavaThread "C2 CompilerThread2"         daemon [_thread_in_native, id=26516, stack(0x00000081b7100000,0x00000081b7200000) (1024K)]
Total: 54

Other Threads:
  0x00000208b3904cc0 VMThread "VM Thread"                           [id=21632, stack(0x00000081b3100000,0x00000081b3200000) (1024K)]
  0x00000208b38ec560 WatcherThread "VM Periodic Task Thread"        [id=14544, stack(0x00000081b3000000,0x00000081b3100000) (1024K)]
  0x000002089813d200 WorkerThread "GC Thread#0"                     [id=2084, stack(0x00000081b2b00000,0x00000081b2c00000) (1024K)]
  0x00000208cd01c1e0 WorkerThread "GC Thread#1"                     [id=8424, stack(0x00000081b3e00000,0x00000081b3f00000) (1024K)]
  0x00000208b3d24650 WorkerThread "GC Thread#2"                     [id=18340, stack(0x00000081b3f00000,0x00000081b4000000) (1024K)]
  0x00000208b3d249f0 WorkerThread "GC Thread#3"                     [id=9536, stack(0x00000081b4000000,0x00000081b4100000) (1024K)]
  0x00000208b3d24d90 WorkerThread "GC Thread#4"                     [id=25780, stack(0x00000081b4100000,0x00000081b4200000) (1024K)]
  0x00000208b3c78a00 WorkerThread "GC Thread#5"                     [id=1904, stack(0x00000081b4200000,0x00000081b4300000) (1024K)]
  0x00000208b3bdbab0 WorkerThread "GC Thread#6"                     [id=16252, stack(0x00000081b3c00000,0x00000081b3d00000) (1024K)]
  0x00000208b3e12e60 WorkerThread "GC Thread#7"                     [id=14056, stack(0x00000081b3d00000,0x00000081b3e00000) (1024K)]
  0x00000208b3e13200 WorkerThread "GC Thread#8"                     [id=22524, stack(0x00000081b4300000,0x00000081b4400000) (1024K)]
  0x00000208cf331470 WorkerThread "GC Thread#9"                     [id=14144, stack(0x00000081b5100000,0x00000081b5200000) (1024K)]
  0x0000020898143100 ConcurrentGCThread "G1 Main Marker"            [id=20600, stack(0x00000081b2c00000,0x00000081b2d00000) (1024K)]
  0x0000020898144a60 WorkerThread "G1 Conc#0"                       [id=27472, stack(0x00000081b2d00000,0x00000081b2e00000) (1024K)]
  0x00000208cf330990 WorkerThread "G1 Conc#1"                       [id=16576, stack(0x00000081b5200000,0x00000081b5300000) (1024K)]
  0x00000208cf32feb0 WorkerThread "G1 Conc#2"                       [id=9652, stack(0x00000081b5300000,0x00000081b5400000) (1024K)]
  0x00000208b37c0a00 ConcurrentGCThread "G1 Refine#0"               [id=27292, stack(0x00000081b2e00000,0x00000081b2f00000) (1024K)]
  0x00000208b37c1380 ConcurrentGCThread "G1 Service"                [id=14628, stack(0x00000081b2f00000,0x00000081b3000000) (1024K)]
Total: 18

Threads with active compile tasks:
C2 CompilerThread0    56790 6371 %     4       groovyjarjarantlr4.v4.runtime.atn.LexerATNSimulator::getReachableConfigSet @ 77 (198 bytes)
C2 CompilerThread1    56791 6442       4       groovyjarjarantlr4.v4.runtime.atn.PredictionContext::getCachedContext (297 bytes)
C2 CompilerThread2    56791 6423       4       groovyjarjarantlr4.v4.runtime.atn.ATNConfigSet::add (356 bytes)
Total: 3

VM state: not at safepoint (normal execution)

VM Mutex/Monitor currently owned by a thread: None

Heap address: 0x00000000e0000000, size: 512 MB, Compressed Oops mode: 32-bit

CDS archive(s) mapped at: [0x00000208b4000000-0x00000208b4c90000-0x00000208b4c90000), size 13172736, SharedBaseAddress: 0x00000208b4000000, ArchiveRelocationMode: 1.
Compressed class space mapped at: 0x00000208b5000000-0x00000208c9000000, reserved size: 335544320
Narrow klass base: 0x00000208b4000000, Narrow klass shift: 0, Narrow klass range: 0x100000000

GC Precious Log:
 CardTable entry size: 512
 Card Set container configuration: InlinePtr #cards 5 size 8 Array Of Cards #cards 12 size 40 Howl #buckets 4 coarsen threshold 1843 Howl Bitmap #cards 512 size 80 coarsen threshold 460 Card regions per heap region 1 cards per card region 2048
 CPUs: 12 total, 12 available
 Memory: 7876M
 Large Page Support: Disabled
 NUMA Support: Disabled
 Compressed Oops: Enabled (32-bit)
 Heap Region Size: 1M
 Heap Min Capacity: 256M
 Heap Initial Capacity: 256M
 Heap Max Capacity: 512M
 Pre-touch: Disabled
 Parallel Workers: 10
 Concurrent Workers: 3
 Concurrent Refinement Workers: 10
 Periodic GC: Disabled

Heap:
 garbage-first heap   total 262144K, used 111379K [0x00000000e0000000, 0x0000000100000000)
  region size 1024K, 52 young (53248K), 11 survivors (11264K)
 Metaspace       used 52129K, committed 53696K, reserved 393216K
  class space    used 7505K, committed 8256K, reserved 327680K

Heap Regions: E=young(eden), S=young(survivor), O=old, HS=humongous(starts), HC=humongous(continues), CS=collection set, F=free, TAMS=top-at-mark-start, PB=parsable bottom
|   0|0x00000000e0000000, 0x00000000e0100000, 0x00000000e0100000|100%|HS|  |TAMS 0x00000000e0000000| PB 0x00000000e0000000| Complete 
|   1|0x00000000e0100000, 0x00000000e0200000, 0x00000000e0200000|100%|HC|  |TAMS 0x00000000e0100000| PB 0x00000000e0100000| Complete 
|   2|0x00000000e0200000, 0x00000000e0300000, 0x00000000e0300000|100%|HC|  |TAMS 0x00000000e0200000| PB 0x00000000e0200000| Complete 
|   3|0x00000000e0300000, 0x00000000e0400000, 0x00000000e0400000|100%| O|  |TAMS 0x00000000e0300000| PB 0x00000000e0300000| Untracked 
|   4|0x00000000e0400000, 0x00000000e0500000, 0x00000000e0500000|100%| O|  |TAMS 0x00000000e0400000| PB 0x00000000e0400000| Untracked 
|   5|0x00000000e0500000, 0x00000000e0600000, 0x00000000e0600000|100%| O|  |TAMS 0x00000000e0500000| PB 0x00000000e0500000| Untracked 
|   6|0x00000000e0600000, 0x00000000e0700000, 0x00000000e0700000|100%| O|  |TAMS 0x00000000e0600000| PB 0x00000000e0600000| Untracked 
|   7|0x00000000e0700000, 0x00000000e0800000, 0x00000000e0800000|100%|HS|  |TAMS 0x00000000e0700000| PB 0x00000000e0700000| Complete 
|   8|0x00000000e0800000, 0x00000000e0900000, 0x00000000e0900000|100%|HS|  |TAMS 0x00000000e0800000| PB 0x00000000e0800000| Complete 
|   9|0x00000000e0900000, 0x00000000e0a00000, 0x00000000e0a00000|100%| O|  |TAMS 0x00000000e0900000| PB 0x00000000e0900000| Untracked 
|  10|0x00000000e0a00000, 0x00000000e0b00000, 0x00000000e0b00000|100%| O|  |TAMS 0x00000000e0a00000| PB 0x00000000e0a00000| Untracked 
|  11|0x00000000e0b00000, 0x00000000e0c00000, 0x00000000e0c00000|100%| O|  |TAMS 0x00000000e0b00000| PB 0x00000000e0b00000| Untracked 
|  12|0x00000000e0c00000, 0x00000000e0d00000, 0x00000000e0d00000|100%| O|  |TAMS 0x00000000e0c00000| PB 0x00000000e0c00000| Untracked 
|  13|0x00000000e0d00000, 0x00000000e0e00000, 0x00000000e0e00000|100%| O|  |TAMS 0x00000000e0d00000| PB 0x00000000e0d00000| Untracked 
|  14|0x00000000e0e00000, 0x00000000e0f00000, 0x00000000e0f00000|100%|HS|  |TAMS 0x00000000e0e00000| PB 0x00000000e0e00000| Complete 
|  15|0x00000000e0f00000, 0x00000000e1000000, 0x00000000e1000000|100%|HC|  |TAMS 0x00000000e0f00000| PB 0x00000000e0f00000| Complete 
|  16|0x00000000e1000000, 0x00000000e1100000, 0x00000000e1100000|100%|HC|  |TAMS 0x00000000e1000000| PB 0x00000000e1000000| Complete 
|  17|0x00000000e1100000, 0x00000000e1200000, 0x00000000e1200000|100%|HC|  |TAMS 0x00000000e1100000| PB 0x00000000e1100000| Complete 
|  18|0x00000000e1200000, 0x00000000e1300000, 0x00000000e1300000|100%|HC|  |TAMS 0x00000000e1200000| PB 0x00000000e1200000| Complete 
|  19|0x00000000e1300000, 0x00000000e1400000, 0x00000000e1400000|100%|HC|  |TAMS 0x00000000e1300000| PB 0x00000000e1300000| Complete 
|  20|0x00000000e1400000, 0x00000000e1500000, 0x00000000e1500000|100%|HS|  |TAMS 0x00000000e1400000| PB 0x00000000e1400000| Complete 
|  21|0x00000000e1500000, 0x00000000e1600000, 0x00000000e1600000|100%|HC|  |TAMS 0x00000000e1500000| PB 0x00000000e1500000| Complete 
|  22|0x00000000e1600000, 0x00000000e1700000, 0x00000000e1700000|100%|HC|  |TAMS 0x00000000e1600000| PB 0x00000000e1600000| Complete 
|  23|0x00000000e1700000, 0x00000000e1800000, 0x00000000e1800000|100%|HS|  |TAMS 0x00000000e1700000| PB 0x00000000e1700000| Complete 
|  24|0x00000000e1800000, 0x00000000e1900000, 0x00000000e1900000|100%|HC|  |TAMS 0x00000000e1800000| PB 0x00000000e1800000| Complete 
|  25|0x00000000e1900000, 0x00000000e1a00000, 0x00000000e1a00000|100%|HS|  |TAMS 0x00000000e1900000| PB 0x00000000e1900000| Complete 
|  26|0x00000000e1a00000, 0x00000000e1b00000, 0x00000000e1b00000|100%|HC|  |TAMS 0x00000000e1a00000| PB 0x00000000e1a00000| Complete 
|  27|0x00000000e1b00000, 0x00000000e1c00000, 0x00000000e1c00000|100%|HC|  |TAMS 0x00000000e1b00000| PB 0x00000000e1b00000| Complete 
|  28|0x00000000e1c00000, 0x00000000e1d00000, 0x00000000e1d00000|100%|HC|  |TAMS 0x00000000e1c00000| PB 0x00000000e1c00000| Complete 
|  29|0x00000000e1d00000, 0x00000000e1e00000, 0x00000000e1e00000|100%|HC|  |TAMS 0x00000000e1d00000| PB 0x00000000e1d00000| Complete 
|  30|0x00000000e1e00000, 0x00000000e1f00000, 0x00000000e1f00000|100%|HC|  |TAMS 0x00000000e1e00000| PB 0x00000000e1e00000| Complete 
|  31|0x00000000e1f00000, 0x00000000e2000000, 0x00000000e2000000|100%|HS|  |TAMS 0x00000000e1f00000| PB 0x00000000e1f00000| Complete 
|  32|0x00000000e2000000, 0x00000000e2100000, 0x00000000e2100000|100%|HC|  |TAMS 0x00000000e2000000| PB 0x00000000e2000000| Complete 
|  33|0x00000000e2100000, 0x00000000e2200000, 0x00000000e2200000|100%|HC|  |TAMS 0x00000000e2100000| PB 0x00000000e2100000| Complete 
|  34|0x00000000e2200000, 0x00000000e2300000, 0x00000000e2300000|100%|HS|  |TAMS 0x00000000e2200000| PB 0x00000000e2200000| Complete 
|  35|0x00000000e2300000, 0x00000000e2400000, 0x00000000e2400000|100%|HC|  |TAMS 0x00000000e2300000| PB 0x00000000e2300000| Complete 
|  36|0x00000000e2400000, 0x00000000e2500000, 0x00000000e2500000|100%|HS|  |TAMS 0x00000000e2400000| PB 0x00000000e2400000| Complete 
|  37|0x00000000e2500000, 0x00000000e2600000, 0x00000000e2600000|100%| O|  |TAMS 0x00000000e2500000| PB 0x00000000e2500000| Untracked 
|  38|0x00000000e2600000, 0x00000000e2700000, 0x00000000e2700000|100%| O|  |TAMS 0x00000000e2600000| PB 0x00000000e2600000| Untracked 
|  39|0x00000000e2700000, 0x00000000e2800000, 0x00000000e2800000|100%| O|  |TAMS 0x00000000e2700000| PB 0x00000000e2700000| Untracked 
|  40|0x00000000e2800000, 0x00000000e2900000, 0x00000000e2900000|100%| O|  |TAMS 0x00000000e2800000| PB 0x00000000e2800000| Untracked 
|  41|0x00000000e2900000, 0x00000000e2a00000, 0x00000000e2a00000|100%| O|  |TAMS 0x00000000e2900000| PB 0x00000000e2900000| Untracked 
|  42|0x00000000e2a00000, 0x00000000e2b00000, 0x00000000e2b00000|100%| O|  |TAMS 0x00000000e2a00000| PB 0x00000000e2a00000| Untracked 
|  43|0x00000000e2b00000, 0x00000000e2c00000, 0x00000000e2c00000|100%| O|  |TAMS 0x00000000e2b00000| PB 0x00000000e2b00000| Untracked 
|  44|0x00000000e2c00000, 0x00000000e2d00000, 0x00000000e2d00000|100%| O|  |TAMS 0x00000000e2c00000| PB 0x00000000e2c00000| Untracked 
|  45|0x00000000e2d00000, 0x00000000e2e00000, 0x00000000e2e00000|100%| O|  |TAMS 0x00000000e2d00000| PB 0x00000000e2d00000| Untracked 
|  46|0x00000000e2e00000, 0x00000000e2f00000, 0x00000000e2f00000|100%| O|  |TAMS 0x00000000e2e00000| PB 0x00000000e2e00000| Untracked 
|  47|0x00000000e2f00000, 0x00000000e3000000, 0x00000000e3000000|100%| O|Cm|TAMS 0x00000000e2f00000| PB 0x00000000e2f00000| Complete 
|  48|0x00000000e3000000, 0x00000000e3100000, 0x00000000e3100000|100%| O|  |TAMS 0x00000000e3000000| PB 0x00000000e3000000| Untracked 
|  49|0x00000000e3100000, 0x00000000e3200000, 0x00000000e3200000|100%| O|  |TAMS 0x00000000e3100000| PB 0x00000000e3100000| Untracked 
|  50|0x00000000e3200000, 0x00000000e3300000, 0x00000000e3300000|100%| O|  |TAMS 0x00000000e3200000| PB 0x00000000e3200000| Untracked 
|  51|0x00000000e3300000, 0x00000000e3400000, 0x00000000e3400000|100%| O|  |TAMS 0x00000000e3300000| PB 0x00000000e3300000| Untracked 
|  52|0x00000000e3400000, 0x00000000e3500000, 0x00000000e3500000|100%| O|  |TAMS 0x00000000e3400000| PB 0x00000000e3400000| Untracked 
|  53|0x00000000e3500000, 0x00000000e3600000, 0x00000000e3600000|100%| O|  |TAMS 0x00000000e3500000| PB 0x00000000e3500000| Untracked 
|  54|0x00000000e3600000, 0x00000000e3700000, 0x00000000e3700000|100%| O|  |TAMS 0x00000000e3600000| PB 0x00000000e3600000| Untracked 
|  55|0x00000000e3700000, 0x00000000e3800000, 0x00000000e3800000|100%| O|  |TAMS 0x00000000e3700000| PB 0x00000000e3700000| Untracked 
|  56|0x00000000e3800000, 0x00000000e3900000, 0x00000000e3900000|100%| O|  |TAMS 0x00000000e3800000| PB 0x00000000e3800000| Untracked 
|  57|0x00000000e3900000, 0x00000000e39d6600, 0x00000000e3a00000| 83%| O|  |TAMS 0x00000000e3900000| PB 0x00000000e3900000| Untracked 
|  58|0x00000000e3a00000, 0x00000000e3a00000, 0x00000000e3b00000|  0%| F|  |TAMS 0x00000000e3a00000| PB 0x00000000e3a00000| Untracked 
|  59|0x00000000e3b00000, 0x00000000e3b00000, 0x00000000e3c00000|  0%| F|  |TAMS 0x00000000e3b00000| PB 0x00000000e3b00000| Untracked 
|  60|0x00000000e3c00000, 0x00000000e3c00000, 0x00000000e3d00000|  0%| F|  |TAMS 0x00000000e3c00000| PB 0x00000000e3c00000| Untracked 
|  61|0x00000000e3d00000, 0x00000000e3d00000, 0x00000000e3e00000|  0%| F|  |TAMS 0x00000000e3d00000| PB 0x00000000e3d00000| Untracked 
|  62|0x00000000e3e00000, 0x00000000e3e00000, 0x00000000e3f00000|  0%| F|  |TAMS 0x00000000e3e00000| PB 0x00000000e3e00000| Untracked 
|  63|0x00000000e3f00000, 0x00000000e3f00000, 0x00000000e4000000|  0%| F|  |TAMS 0x00000000e3f00000| PB 0x00000000e3f00000| Untracked 
|  64|0x00000000e4000000, 0x00000000e4000000, 0x00000000e4100000|  0%| F|  |TAMS 0x00000000e4000000| PB 0x00000000e4000000| Untracked 
|  65|0x00000000e4100000, 0x00000000e4100000, 0x00000000e4200000|  0%| F|  |TAMS 0x00000000e4100000| PB 0x00000000e4100000| Untracked 
|  66|0x00000000e4200000, 0x00000000e4200000, 0x00000000e4300000|  0%| F|  |TAMS 0x00000000e4200000| PB 0x00000000e4200000| Untracked 
|  67|0x00000000e4300000, 0x00000000e4300000, 0x00000000e4400000|  0%| F|  |TAMS 0x00000000e4300000| PB 0x00000000e4300000| Untracked 
|  68|0x00000000e4400000, 0x00000000e4400000, 0x00000000e4500000|  0%| F|  |TAMS 0x00000000e4400000| PB 0x00000000e4400000| Untracked 
|  69|0x00000000e4500000, 0x00000000e4500000, 0x00000000e4600000|  0%| F|  |TAMS 0x00000000e4500000| PB 0x00000000e4500000| Untracked 
|  70|0x00000000e4600000, 0x00000000e4600000, 0x00000000e4700000|  0%| F|  |TAMS 0x00000000e4600000| PB 0x00000000e4600000| Untracked 
|  71|0x00000000e4700000, 0x00000000e4700000, 0x00000000e4800000|  0%| F|  |TAMS 0x00000000e4700000| PB 0x00000000e4700000| Untracked 
|  72|0x00000000e4800000, 0x00000000e4800000, 0x00000000e4900000|  0%| F|  |TAMS 0x00000000e4800000| PB 0x00000000e4800000| Untracked 
|  73|0x00000000e4900000, 0x00000000e4900000, 0x00000000e4a00000|  0%| F|  |TAMS 0x00000000e4900000| PB 0x00000000e4900000| Untracked 
|  74|0x00000000e4a00000, 0x00000000e4a00000, 0x00000000e4b00000|  0%| F|  |TAMS 0x00000000e4a00000| PB 0x00000000e4a00000| Untracked 
|  75|0x00000000e4b00000, 0x00000000e4b00000, 0x00000000e4c00000|  0%| F|  |TAMS 0x00000000e4b00000| PB 0x00000000e4b00000| Untracked 
|  76|0x00000000e4c00000, 0x00000000e4c00000, 0x00000000e4d00000|  0%| F|  |TAMS 0x00000000e4c00000| PB 0x00000000e4c00000| Untracked 
|  77|0x00000000e4d00000, 0x00000000e4d00000, 0x00000000e4e00000|  0%| F|  |TAMS 0x00000000e4d00000| PB 0x00000000e4d00000| Untracked 
|  78|0x00000000e4e00000, 0x00000000e4e00000, 0x00000000e4f00000|  0%| F|  |TAMS 0x00000000e4e00000| PB 0x00000000e4e00000| Untracked 
|  79|0x00000000e4f00000, 0x00000000e4f00000, 0x00000000e5000000|  0%| F|  |TAMS 0x00000000e4f00000| PB 0x00000000e4f00000| Untracked 
|  80|0x00000000e5000000, 0x00000000e5000000, 0x00000000e5100000|  0%| F|  |TAMS 0x00000000e5000000| PB 0x00000000e5000000| Untracked 
|  81|0x00000000e5100000, 0x00000000e5100000, 0x00000000e5200000|  0%| F|  |TAMS 0x00000000e5100000| PB 0x00000000e5100000| Untracked 
|  82|0x00000000e5200000, 0x00000000e5200000, 0x00000000e5300000|  0%| F|  |TAMS 0x00000000e5200000| PB 0x00000000e5200000| Untracked 
|  83|0x00000000e5300000, 0x00000000e5300000, 0x00000000e5400000|  0%| F|  |TAMS 0x00000000e5300000| PB 0x00000000e5300000| Untracked 
|  84|0x00000000e5400000, 0x00000000e5400000, 0x00000000e5500000|  0%| F|  |TAMS 0x00000000e5400000| PB 0x00000000e5400000| Untracked 
|  85|0x00000000e5500000, 0x00000000e5500000, 0x00000000e5600000|  0%| F|  |TAMS 0x00000000e5500000| PB 0x00000000e5500000| Untracked 
|  86|0x00000000e5600000, 0x00000000e5600000, 0x00000000e5700000|  0%| F|  |TAMS 0x00000000e5600000| PB 0x00000000e5600000| Untracked 
|  87|0x00000000e5700000, 0x00000000e5700000, 0x00000000e5800000|  0%| F|  |TAMS 0x00000000e5700000| PB 0x00000000e5700000| Untracked 
|  88|0x00000000e5800000, 0x00000000e5800000, 0x00000000e5900000|  0%| F|  |TAMS 0x00000000e5800000| PB 0x00000000e5800000| Untracked 
|  89|0x00000000e5900000, 0x00000000e5900000, 0x00000000e5a00000|  0%| F|  |TAMS 0x00000000e5900000| PB 0x00000000e5900000| Untracked 
|  90|0x00000000e5a00000, 0x00000000e5a00000, 0x00000000e5b00000|  0%| F|  |TAMS 0x00000000e5a00000| PB 0x00000000e5a00000| Untracked 
|  91|0x00000000e5b00000, 0x00000000e5b00000, 0x00000000e5c00000|  0%| F|  |TAMS 0x00000000e5b00000| PB 0x00000000e5b00000| Untracked 
|  92|0x00000000e5c00000, 0x00000000e5c00000, 0x00000000e5d00000|  0%| F|  |TAMS 0x00000000e5c00000| PB 0x00000000e5c00000| Untracked 
|  93|0x00000000e5d00000, 0x00000000e5dee850, 0x00000000e5e00000| 93%| S|CS|TAMS 0x00000000e5d00000| PB 0x00000000e5d00000| Complete 
|  94|0x00000000e5e00000, 0x00000000e5f00000, 0x00000000e5f00000|100%| S|CS|TAMS 0x00000000e5e00000| PB 0x00000000e5e00000| Complete 
|  95|0x00000000e5f00000, 0x00000000e6000000, 0x00000000e6000000|100%| S|CS|TAMS 0x00000000e5f00000| PB 0x00000000e5f00000| Complete 
|  96|0x00000000e6000000, 0x00000000e6100000, 0x00000000e6100000|100%| S|CS|TAMS 0x00000000e6000000| PB 0x00000000e6000000| Complete 
|  97|0x00000000e6100000, 0x00000000e6200000, 0x00000000e6200000|100%| S|CS|TAMS 0x00000000e6100000| PB 0x00000000e6100000| Complete 
|  98|0x00000000e6200000, 0x00000000e6300000, 0x00000000e6300000|100%| S|CS|TAMS 0x00000000e6200000| PB 0x00000000e6200000| Complete 
|  99|0x00000000e6300000, 0x00000000e6400000, 0x00000000e6400000|100%| S|CS|TAMS 0x00000000e6300000| PB 0x00000000e6300000| Complete 
| 100|0x00000000e6400000, 0x00000000e6500000, 0x00000000e6500000|100%| S|CS|TAMS 0x00000000e6400000| PB 0x00000000e6400000| Complete 
| 101|0x00000000e6500000, 0x00000000e6600000, 0x00000000e6600000|100%| S|CS|TAMS 0x00000000e6500000| PB 0x00000000e6500000| Complete 
| 102|0x00000000e6600000, 0x00000000e6700000, 0x00000000e6700000|100%| S|CS|TAMS 0x00000000e6600000| PB 0x00000000e6600000| Complete 
| 103|0x00000000e6700000, 0x00000000e6800000, 0x00000000e6800000|100%| S|CS|TAMS 0x00000000e6700000| PB 0x00000000e6700000| Complete 
| 104|0x00000000e6800000, 0x00000000e6800000, 0x00000000e6900000|  0%| F|  |TAMS 0x00000000e6800000| PB 0x00000000e6800000| Untracked 
| 105|0x00000000e6900000, 0x00000000e6900000, 0x00000000e6a00000|  0%| F|  |TAMS 0x00000000e6900000| PB 0x00000000e6900000| Untracked 
| 106|0x00000000e6a00000, 0x00000000e6a00000, 0x00000000e6b00000|  0%| F|  |TAMS 0x00000000e6a00000| PB 0x00000000e6a00000| Untracked 
| 107|0x00000000e6b00000, 0x00000000e6b00000, 0x00000000e6c00000|  0%| F|  |TAMS 0x00000000e6b00000| PB 0x00000000e6b00000| Untracked 
| 108|0x00000000e6c00000, 0x00000000e6c00000, 0x00000000e6d00000|  0%| F|  |TAMS 0x00000000e6c00000| PB 0x00000000e6c00000| Untracked 
| 109|0x00000000e6d00000, 0x00000000e6d00000, 0x00000000e6e00000|  0%| F|  |TAMS 0x00000000e6d00000| PB 0x00000000e6d00000| Untracked 
| 110|0x00000000e6e00000, 0x00000000e6e00000, 0x00000000e6f00000|  0%| F|  |TAMS 0x00000000e6e00000| PB 0x00000000e6e00000| Untracked 
| 111|0x00000000e6f00000, 0x00000000e6f00000, 0x00000000e7000000|  0%| F|  |TAMS 0x00000000e6f00000| PB 0x00000000e6f00000| Untracked 
| 112|0x00000000e7000000, 0x00000000e7000000, 0x00000000e7100000|  0%| F|  |TAMS 0x00000000e7000000| PB 0x00000000e7000000| Untracked 
| 113|0x00000000e7100000, 0x00000000e7100000, 0x00000000e7200000|  0%| F|  |TAMS 0x00000000e7100000| PB 0x00000000e7100000| Untracked 
| 114|0x00000000e7200000, 0x00000000e7200000, 0x00000000e7300000|  0%| F|  |TAMS 0x00000000e7200000| PB 0x00000000e7200000| Untracked 
| 115|0x00000000e7300000, 0x00000000e7300000, 0x00000000e7400000|  0%| F|  |TAMS 0x00000000e7300000| PB 0x00000000e7300000| Untracked 
| 116|0x00000000e7400000, 0x00000000e7400000, 0x00000000e7500000|  0%| F|  |TAMS 0x00000000e7400000| PB 0x00000000e7400000| Untracked 
| 117|0x00000000e7500000, 0x00000000e7500000, 0x00000000e7600000|  0%| F|  |TAMS 0x00000000e7500000| PB 0x00000000e7500000| Untracked 
| 118|0x00000000e7600000, 0x00000000e7600000, 0x00000000e7700000|  0%| F|  |TAMS 0x00000000e7600000| PB 0x00000000e7600000| Untracked 
| 119|0x00000000e7700000, 0x00000000e7700000, 0x00000000e7800000|  0%| F|  |TAMS 0x00000000e7700000| PB 0x00000000e7700000| Untracked 
| 120|0x00000000e7800000, 0x00000000e7800000, 0x00000000e7900000|  0%| F|  |TAMS 0x00000000e7800000| PB 0x00000000e7800000| Untracked 
| 121|0x00000000e7900000, 0x00000000e7900000, 0x00000000e7a00000|  0%| F|  |TAMS 0x00000000e7900000| PB 0x00000000e7900000| Untracked 
| 122|0x00000000e7a00000, 0x00000000e7a00000, 0x00000000e7b00000|  0%| F|  |TAMS 0x00000000e7a00000| PB 0x00000000e7a00000| Untracked 
| 123|0x00000000e7b00000, 0x00000000e7b00000, 0x00000000e7c00000|  0%| F|  |TAMS 0x00000000e7b00000| PB 0x00000000e7b00000| Untracked 
| 124|0x00000000e7c00000, 0x00000000e7c00000, 0x00000000e7d00000|  0%| F|  |TAMS 0x00000000e7c00000| PB 0x00000000e7c00000| Untracked 
| 125|0x00000000e7d00000, 0x00000000e7d00000, 0x00000000e7e00000|  0%| F|  |TAMS 0x00000000e7d00000| PB 0x00000000e7d00000| Untracked 
| 126|0x00000000e7e00000, 0x00000000e7e00000, 0x00000000e7f00000|  0%| F|  |TAMS 0x00000000e7e00000| PB 0x00000000e7e00000| Untracked 
| 127|0x00000000e7f00000, 0x00000000e7f00000, 0x00000000e8000000|  0%| F|  |TAMS 0x00000000e7f00000| PB 0x00000000e7f00000| Untracked 
| 128|0x00000000e8000000, 0x00000000e8000000, 0x00000000e8100000|  0%| F|  |TAMS 0x00000000e8000000| PB 0x00000000e8000000| Untracked 
| 129|0x00000000e8100000, 0x00000000e8100000, 0x00000000e8200000|  0%| F|  |TAMS 0x00000000e8100000| PB 0x00000000e8100000| Untracked 
| 130|0x00000000e8200000, 0x00000000e8200000, 0x00000000e8300000|  0%| F|  |TAMS 0x00000000e8200000| PB 0x00000000e8200000| Untracked 
| 131|0x00000000e8300000, 0x00000000e8300000, 0x00000000e8400000|  0%| F|  |TAMS 0x00000000e8300000| PB 0x00000000e8300000| Untracked 
| 132|0x00000000e8400000, 0x00000000e8400000, 0x00000000e8500000|  0%| F|  |TAMS 0x00000000e8400000| PB 0x00000000e8400000| Untracked 
| 133|0x00000000e8500000, 0x00000000e8500000, 0x00000000e8600000|  0%| F|  |TAMS 0x00000000e8500000| PB 0x00000000e8500000| Untracked 
| 134|0x00000000e8600000, 0x00000000e8600000, 0x00000000e8700000|  0%| F|  |TAMS 0x00000000e8600000| PB 0x00000000e8600000| Untracked 
| 135|0x00000000e8700000, 0x00000000e8700000, 0x00000000e8800000|  0%| F|  |TAMS 0x00000000e8700000| PB 0x00000000e8700000| Untracked 
| 136|0x00000000e8800000, 0x00000000e8800000, 0x00000000e8900000|  0%| F|  |TAMS 0x00000000e8800000| PB 0x00000000e8800000| Untracked 
| 137|0x00000000e8900000, 0x00000000e8900000, 0x00000000e8a00000|  0%| F|  |TAMS 0x00000000e8900000| PB 0x00000000e8900000| Untracked 
| 138|0x00000000e8a00000, 0x00000000e8a00000, 0x00000000e8b00000|  0%| F|  |TAMS 0x00000000e8a00000| PB 0x00000000e8a00000| Untracked 
| 139|0x00000000e8b00000, 0x00000000e8b00000, 0x00000000e8c00000|  0%| F|  |TAMS 0x00000000e8b00000| PB 0x00000000e8b00000| Untracked 
| 140|0x00000000e8c00000, 0x00000000e8c00000, 0x00000000e8d00000|  0%| F|  |TAMS 0x00000000e8c00000| PB 0x00000000e8c00000| Untracked 
| 141|0x00000000e8d00000, 0x00000000e8d00000, 0x00000000e8e00000|  0%| F|  |TAMS 0x00000000e8d00000| PB 0x00000000e8d00000| Untracked 
| 142|0x00000000e8e00000, 0x00000000e8e00000, 0x00000000e8f00000|  0%| F|  |TAMS 0x00000000e8e00000| PB 0x00000000e8e00000| Untracked 
| 143|0x00000000e8f00000, 0x00000000e8f00000, 0x00000000e9000000|  0%| F|  |TAMS 0x00000000e8f00000| PB 0x00000000e8f00000| Untracked 
| 144|0x00000000e9000000, 0x00000000e9000000, 0x00000000e9100000|  0%| F|  |TAMS 0x00000000e9000000| PB 0x00000000e9000000| Untracked 
| 145|0x00000000e9100000, 0x00000000e9100000, 0x00000000e9200000|  0%| F|  |TAMS 0x00000000e9100000| PB 0x00000000e9100000| Untracked 
| 146|0x00000000e9200000, 0x00000000e9200000, 0x00000000e9300000|  0%| F|  |TAMS 0x00000000e9200000| PB 0x00000000e9200000| Untracked 
| 147|0x00000000e9300000, 0x00000000e9300000, 0x00000000e9400000|  0%| F|  |TAMS 0x00000000e9300000| PB 0x00000000e9300000| Untracked 
| 148|0x00000000e9400000, 0x00000000e9400000, 0x00000000e9500000|  0%| F|  |TAMS 0x00000000e9400000| PB 0x00000000e9400000| Untracked 
| 149|0x00000000e9500000, 0x00000000e9500000, 0x00000000e9600000|  0%| F|  |TAMS 0x00000000e9500000| PB 0x00000000e9500000| Untracked 
| 150|0x00000000e9600000, 0x00000000e9600000, 0x00000000e9700000|  0%| F|  |TAMS 0x00000000e9600000| PB 0x00000000e9600000| Untracked 
| 151|0x00000000e9700000, 0x00000000e9700000, 0x00000000e9800000|  0%| F|  |TAMS 0x00000000e9700000| PB 0x00000000e9700000| Untracked 
| 152|0x00000000e9800000, 0x00000000e9800000, 0x00000000e9900000|  0%| F|  |TAMS 0x00000000e9800000| PB 0x00000000e9800000| Untracked 
| 153|0x00000000e9900000, 0x00000000e9900000, 0x00000000e9a00000|  0%| F|  |TAMS 0x00000000e9900000| PB 0x00000000e9900000| Untracked 
| 154|0x00000000e9a00000, 0x00000000e9a00000, 0x00000000e9b00000|  0%| F|  |TAMS 0x00000000e9a00000| PB 0x00000000e9a00000| Untracked 
| 155|0x00000000e9b00000, 0x00000000e9b00000, 0x00000000e9c00000|  0%| F|  |TAMS 0x00000000e9b00000| PB 0x00000000e9b00000| Untracked 
| 156|0x00000000e9c00000, 0x00000000e9c00000, 0x00000000e9d00000|  0%| F|  |TAMS 0x00000000e9c00000| PB 0x00000000e9c00000| Untracked 
| 157|0x00000000e9d00000, 0x00000000e9d00000, 0x00000000e9e00000|  0%| F|  |TAMS 0x00000000e9d00000| PB 0x00000000e9d00000| Untracked 
| 158|0x00000000e9e00000, 0x00000000e9e00000, 0x00000000e9f00000|  0%| F|  |TAMS 0x00000000e9e00000| PB 0x00000000e9e00000| Untracked 
| 159|0x00000000e9f00000, 0x00000000e9f00000, 0x00000000ea000000|  0%| F|  |TAMS 0x00000000e9f00000| PB 0x00000000e9f00000| Untracked 
| 160|0x00000000ea000000, 0x00000000ea000000, 0x00000000ea100000|  0%| F|  |TAMS 0x00000000ea000000| PB 0x00000000ea000000| Untracked 
| 161|0x00000000ea100000, 0x00000000ea100000, 0x00000000ea200000|  0%| F|  |TAMS 0x00000000ea100000| PB 0x00000000ea100000| Untracked 
| 162|0x00000000ea200000, 0x00000000ea200000, 0x00000000ea300000|  0%| F|  |TAMS 0x00000000ea200000| PB 0x00000000ea200000| Untracked 
| 163|0x00000000ea300000, 0x00000000ea300000, 0x00000000ea400000|  0%| F|  |TAMS 0x00000000ea300000| PB 0x00000000ea300000| Untracked 
| 164|0x00000000ea400000, 0x00000000ea400000, 0x00000000ea500000|  0%| F|  |TAMS 0x00000000ea400000| PB 0x00000000ea400000| Untracked 
| 165|0x00000000ea500000, 0x00000000ea500000, 0x00000000ea600000|  0%| F|  |TAMS 0x00000000ea500000| PB 0x00000000ea500000| Untracked 
| 166|0x00000000ea600000, 0x00000000ea600000, 0x00000000ea700000|  0%| F|  |TAMS 0x00000000ea600000| PB 0x00000000ea600000| Untracked 
| 167|0x00000000ea700000, 0x00000000ea700000, 0x00000000ea800000|  0%| F|  |TAMS 0x00000000ea700000| PB 0x00000000ea700000| Untracked 
| 168|0x00000000ea800000, 0x00000000ea800000, 0x00000000ea900000|  0%| F|  |TAMS 0x00000000ea800000| PB 0x00000000ea800000| Untracked 
| 169|0x00000000ea900000, 0x00000000ea900000, 0x00000000eaa00000|  0%| F|  |TAMS 0x00000000ea900000| PB 0x00000000ea900000| Untracked 
| 170|0x00000000eaa00000, 0x00000000eaa00000, 0x00000000eab00000|  0%| F|  |TAMS 0x00000000eaa00000| PB 0x00000000eaa00000| Untracked 
| 171|0x00000000eab00000, 0x00000000eab00000, 0x00000000eac00000|  0%| F|  |TAMS 0x00000000eab00000| PB 0x00000000eab00000| Untracked 
| 172|0x00000000eac00000, 0x00000000eac00000, 0x00000000ead00000|  0%| F|  |TAMS 0x00000000eac00000| PB 0x00000000eac00000| Untracked 
| 173|0x00000000ead00000, 0x00000000ead00000, 0x00000000eae00000|  0%| F|  |TAMS 0x00000000ead00000| PB 0x00000000ead00000| Untracked 
| 174|0x00000000eae00000, 0x00000000eae00000, 0x00000000eaf00000|  0%| F|  |TAMS 0x00000000eae00000| PB 0x00000000eae00000| Untracked 
| 175|0x00000000eaf00000, 0x00000000eaf00000, 0x00000000eb000000|  0%| F|  |TAMS 0x00000000eaf00000| PB 0x00000000eaf00000| Untracked 
| 176|0x00000000eb000000, 0x00000000eb000000, 0x00000000eb100000|  0%| F|  |TAMS 0x00000000eb000000| PB 0x00000000eb000000| Untracked 
| 177|0x00000000eb100000, 0x00000000eb100000, 0x00000000eb200000|  0%| F|  |TAMS 0x00000000eb100000| PB 0x00000000eb100000| Untracked 
| 178|0x00000000eb200000, 0x00000000eb200000, 0x00000000eb300000|  0%| F|  |TAMS 0x00000000eb200000| PB 0x00000000eb200000| Untracked 
| 179|0x00000000eb300000, 0x00000000eb300000, 0x00000000eb400000|  0%| F|  |TAMS 0x00000000eb300000| PB 0x00000000eb300000| Untracked 
| 180|0x00000000eb400000, 0x00000000eb400000, 0x00000000eb500000|  0%| F|  |TAMS 0x00000000eb400000| PB 0x00000000eb400000| Untracked 
| 181|0x00000000eb500000, 0x00000000eb500000, 0x00000000eb600000|  0%| F|  |TAMS 0x00000000eb500000| PB 0x00000000eb500000| Untracked 
| 182|0x00000000eb600000, 0x00000000eb600000, 0x00000000eb700000|  0%| F|  |TAMS 0x00000000eb600000| PB 0x00000000eb600000| Untracked 
| 183|0x00000000eb700000, 0x00000000eb700000, 0x00000000eb800000|  0%| F|  |TAMS 0x00000000eb700000| PB 0x00000000eb700000| Untracked 
| 184|0x00000000eb800000, 0x00000000eb800000, 0x00000000eb900000|  0%| F|  |TAMS 0x00000000eb800000| PB 0x00000000eb800000| Untracked 
| 185|0x00000000eb900000, 0x00000000eb900000, 0x00000000eba00000|  0%| F|  |TAMS 0x00000000eb900000| PB 0x00000000eb900000| Untracked 
| 186|0x00000000eba00000, 0x00000000eba00000, 0x00000000ebb00000|  0%| F|  |TAMS 0x00000000eba00000| PB 0x00000000eba00000| Untracked 
| 187|0x00000000ebb00000, 0x00000000ebb00000, 0x00000000ebc00000|  0%| F|  |TAMS 0x00000000ebb00000| PB 0x00000000ebb00000| Untracked 
| 188|0x00000000ebc00000, 0x00000000ebc00000, 0x00000000ebd00000|  0%| F|  |TAMS 0x00000000ebc00000| PB 0x00000000ebc00000| Untracked 
| 189|0x00000000ebd00000, 0x00000000ebd00000, 0x00000000ebe00000|  0%| F|  |TAMS 0x00000000ebd00000| PB 0x00000000ebd00000| Untracked 
| 190|0x00000000ebe00000, 0x00000000ebe00000, 0x00000000ebf00000|  0%| F|  |TAMS 0x00000000ebe00000| PB 0x00000000ebe00000| Untracked 
| 191|0x00000000ebf00000, 0x00000000ebf00000, 0x00000000ec000000|  0%| F|  |TAMS 0x00000000ebf00000| PB 0x00000000ebf00000| Untracked 
| 192|0x00000000ec000000, 0x00000000ec000000, 0x00000000ec100000|  0%| F|  |TAMS 0x00000000ec000000| PB 0x00000000ec000000| Untracked 
| 193|0x00000000ec100000, 0x00000000ec100000, 0x00000000ec200000|  0%| F|  |TAMS 0x00000000ec100000| PB 0x00000000ec100000| Untracked 
| 194|0x00000000ec200000, 0x00000000ec200000, 0x00000000ec300000|  0%| F|  |TAMS 0x00000000ec200000| PB 0x00000000ec200000| Untracked 
| 195|0x00000000ec300000, 0x00000000ec300000, 0x00000000ec400000|  0%| F|  |TAMS 0x00000000ec300000| PB 0x00000000ec300000| Untracked 
| 196|0x00000000ec400000, 0x00000000ec400000, 0x00000000ec500000|  0%| F|  |TAMS 0x00000000ec400000| PB 0x00000000ec400000| Untracked 
| 197|0x00000000ec500000, 0x00000000ec500000, 0x00000000ec600000|  0%| F|  |TAMS 0x00000000ec500000| PB 0x00000000ec500000| Untracked 
| 198|0x00000000ec600000, 0x00000000ec600000, 0x00000000ec700000|  0%| F|  |TAMS 0x00000000ec600000| PB 0x00000000ec600000| Untracked 
| 199|0x00000000ec700000, 0x00000000ec700000, 0x00000000ec800000|  0%| F|  |TAMS 0x00000000ec700000| PB 0x00000000ec700000| Untracked 
| 200|0x00000000ec800000, 0x00000000ec800000, 0x00000000ec900000|  0%| F|  |TAMS 0x00000000ec800000| PB 0x00000000ec800000| Untracked 
| 201|0x00000000ec900000, 0x00000000ec900000, 0x00000000eca00000|  0%| F|  |TAMS 0x00000000ec900000| PB 0x00000000ec900000| Untracked 
| 202|0x00000000eca00000, 0x00000000eca00000, 0x00000000ecb00000|  0%| F|  |TAMS 0x00000000eca00000| PB 0x00000000eca00000| Untracked 
| 203|0x00000000ecb00000, 0x00000000ecb00000, 0x00000000ecc00000|  0%| F|  |TAMS 0x00000000ecb00000| PB 0x00000000ecb00000| Untracked 
| 204|0x00000000ecc00000, 0x00000000ecc00000, 0x00000000ecd00000|  0%| F|  |TAMS 0x00000000ecc00000| PB 0x00000000ecc00000| Untracked 
| 205|0x00000000ecd00000, 0x00000000ecd00000, 0x00000000ece00000|  0%| F|  |TAMS 0x00000000ecd00000| PB 0x00000000ecd00000| Untracked 
| 206|0x00000000ece00000, 0x00000000ece00000, 0x00000000ecf00000|  0%| F|  |TAMS 0x00000000ece00000| PB 0x00000000ece00000| Untracked 
| 207|0x00000000ecf00000, 0x00000000ecf00000, 0x00000000ed000000|  0%| F|  |TAMS 0x00000000ecf00000| PB 0x00000000ecf00000| Untracked 
| 208|0x00000000ed000000, 0x00000000ed000000, 0x00000000ed100000|  0%| F|  |TAMS 0x00000000ed000000| PB 0x00000000ed000000| Untracked 
| 209|0x00000000ed100000, 0x00000000ed100000, 0x00000000ed200000|  0%| F|  |TAMS 0x00000000ed100000| PB 0x00000000ed100000| Untracked 
| 210|0x00000000ed200000, 0x00000000ed200000, 0x00000000ed300000|  0%| F|  |TAMS 0x00000000ed200000| PB 0x00000000ed200000| Untracked 
| 211|0x00000000ed300000, 0x00000000ed300000, 0x00000000ed400000|  0%| F|  |TAMS 0x00000000ed300000| PB 0x00000000ed300000| Untracked 
| 212|0x00000000ed400000, 0x00000000ed500000, 0x00000000ed500000|100%| E|CS|TAMS 0x00000000ed400000| PB 0x00000000ed400000| Complete 
| 213|0x00000000ed500000, 0x00000000ed600000, 0x00000000ed600000|100%| E|CS|TAMS 0x00000000ed500000| PB 0x00000000ed500000| Complete 
| 214|0x00000000ed600000, 0x00000000ed700000, 0x00000000ed700000|100%| E|CS|TAMS 0x00000000ed600000| PB 0x00000000ed600000| Complete 
| 215|0x00000000ed700000, 0x00000000ed800000, 0x00000000ed800000|100%| E|CS|TAMS 0x00000000ed700000| PB 0x00000000ed700000| Complete 
| 216|0x00000000ed800000, 0x00000000ed900000, 0x00000000ed900000|100%| E|CS|TAMS 0x00000000ed800000| PB 0x00000000ed800000| Complete 
| 217|0x00000000ed900000, 0x00000000eda00000, 0x00000000eda00000|100%| E|CS|TAMS 0x00000000ed900000| PB 0x00000000ed900000| Complete 
| 218|0x00000000eda00000, 0x00000000edb00000, 0x00000000edb00000|100%| E|CS|TAMS 0x00000000eda00000| PB 0x00000000eda00000| Complete 
| 219|0x00000000edb00000, 0x00000000edc00000, 0x00000000edc00000|100%| E|CS|TAMS 0x00000000edb00000| PB 0x00000000edb00000| Complete 
| 220|0x00000000edc00000, 0x00000000edd00000, 0x00000000edd00000|100%| E|CS|TAMS 0x00000000edc00000| PB 0x00000000edc00000| Complete 
| 221|0x00000000edd00000, 0x00000000ede00000, 0x00000000ede00000|100%| E|CS|TAMS 0x00000000edd00000| PB 0x00000000edd00000| Complete 
| 222|0x00000000ede00000, 0x00000000edf00000, 0x00000000edf00000|100%| E|CS|TAMS 0x00000000ede00000| PB 0x00000000ede00000| Complete 
| 223|0x00000000edf00000, 0x00000000ee000000, 0x00000000ee000000|100%| E|CS|TAMS 0x00000000edf00000| PB 0x00000000edf00000| Complete 
| 224|0x00000000ee000000, 0x00000000ee100000, 0x00000000ee100000|100%| E|CS|TAMS 0x00000000ee000000| PB 0x00000000ee000000| Complete 
| 225|0x00000000ee100000, 0x00000000ee200000, 0x00000000ee200000|100%| E|CS|TAMS 0x00000000ee100000| PB 0x00000000ee100000| Complete 
| 226|0x00000000ee200000, 0x00000000ee300000, 0x00000000ee300000|100%| E|CS|TAMS 0x00000000ee200000| PB 0x00000000ee200000| Complete 
| 227|0x00000000ee300000, 0x00000000ee400000, 0x00000000ee400000|100%| E|CS|TAMS 0x00000000ee300000| PB 0x00000000ee300000| Complete 
| 228|0x00000000ee400000, 0x00000000ee500000, 0x00000000ee500000|100%| E|CS|TAMS 0x00000000ee400000| PB 0x00000000ee400000| Complete 
| 229|0x00000000ee500000, 0x00000000ee600000, 0x00000000ee600000|100%| E|CS|TAMS 0x00000000ee500000| PB 0x00000000ee500000| Complete 
| 230|0x00000000ee600000, 0x00000000ee700000, 0x00000000ee700000|100%| E|CS|TAMS 0x00000000ee600000| PB 0x00000000ee600000| Complete 
| 231|0x00000000ee700000, 0x00000000ee800000, 0x00000000ee800000|100%| E|CS|TAMS 0x00000000ee700000| PB 0x00000000ee700000| Complete 
| 232|0x00000000ee800000, 0x00000000ee900000, 0x00000000ee900000|100%| E|CS|TAMS 0x00000000ee800000| PB 0x00000000ee800000| Complete 
| 233|0x00000000ee900000, 0x00000000eea00000, 0x00000000eea00000|100%| E|CS|TAMS 0x00000000ee900000| PB 0x00000000ee900000| Complete 
| 234|0x00000000eea00000, 0x00000000eeb00000, 0x00000000eeb00000|100%| E|CS|TAMS 0x00000000eea00000| PB 0x00000000eea00000| Complete 
| 235|0x00000000eeb00000, 0x00000000eec00000, 0x00000000eec00000|100%| E|CS|TAMS 0x00000000eeb00000| PB 0x00000000eeb00000| Complete 
| 236|0x00000000eec00000, 0x00000000eed00000, 0x00000000eed00000|100%| E|CS|TAMS 0x00000000eec00000| PB 0x00000000eec00000| Complete 
| 237|0x00000000eed00000, 0x00000000eee00000, 0x00000000eee00000|100%| E|CS|TAMS 0x00000000eed00000| PB 0x00000000eed00000| Complete 
| 238|0x00000000eee00000, 0x00000000eef00000, 0x00000000eef00000|100%| E|CS|TAMS 0x00000000eee00000| PB 0x00000000eee00000| Complete 
| 239|0x00000000eef00000, 0x00000000ef000000, 0x00000000ef000000|100%| E|CS|TAMS 0x00000000eef00000| PB 0x00000000eef00000| Complete 
| 240|0x00000000ef000000, 0x00000000ef100000, 0x00000000ef100000|100%| E|CS|TAMS 0x00000000ef000000| PB 0x00000000ef000000| Complete 
| 241|0x00000000ef100000, 0x00000000ef200000, 0x00000000ef200000|100%| E|CS|TAMS 0x00000000ef100000| PB 0x00000000ef100000| Complete 
| 242|0x00000000ef200000, 0x00000000ef300000, 0x00000000ef300000|100%| E|CS|TAMS 0x00000000ef200000| PB 0x00000000ef200000| Complete 
| 243|0x00000000ef300000, 0x00000000ef400000, 0x00000000ef400000|100%| E|CS|TAMS 0x00000000ef300000| PB 0x00000000ef300000| Complete 
| 244|0x00000000ef400000, 0x00000000ef500000, 0x00000000ef500000|100%| E|CS|TAMS 0x00000000ef400000| PB 0x00000000ef400000| Complete 
| 245|0x00000000ef500000, 0x00000000ef600000, 0x00000000ef600000|100%| E|CS|TAMS 0x00000000ef500000| PB 0x00000000ef500000| Complete 
| 246|0x00000000ef600000, 0x00000000ef700000, 0x00000000ef700000|100%| E|CS|TAMS 0x00000000ef600000| PB 0x00000000ef600000| Complete 
| 247|0x00000000ef700000, 0x00000000ef800000, 0x00000000ef800000|100%| E|CS|TAMS 0x00000000ef700000| PB 0x00000000ef700000| Complete 
| 248|0x00000000ef800000, 0x00000000ef900000, 0x00000000ef900000|100%| E|CS|TAMS 0x00000000ef800000| PB 0x00000000ef800000| Complete 
| 249|0x00000000ef900000, 0x00000000efa00000, 0x00000000efa00000|100%| E|CS|TAMS 0x00000000ef900000| PB 0x00000000ef900000| Complete 
| 250|0x00000000efa00000, 0x00000000efb00000, 0x00000000efb00000|100%| E|CS|TAMS 0x00000000efa00000| PB 0x00000000efa00000| Complete 
| 251|0x00000000efb00000, 0x00000000efc00000, 0x00000000efc00000|100%| E|CS|TAMS 0x00000000efb00000| PB 0x00000000efb00000| Complete 
| 252|0x00000000efc00000, 0x00000000efd00000, 0x00000000efd00000|100%| E|CS|TAMS 0x00000000efc00000| PB 0x00000000efc00000| Complete 
| 253|0x00000000efd00000, 0x00000000efe00000, 0x00000000efe00000|100%| E|CS|TAMS 0x00000000efd00000| PB 0x00000000efd00000| Complete 
| 254|0x00000000efe00000, 0x00000000eff00000, 0x00000000eff00000|100%| E|CS|TAMS 0x00000000efe00000| PB 0x00000000efe00000| Complete 
| 255|0x00000000eff00000, 0x00000000f0000000, 0x00000000f0000000|100%| E|CS|TAMS 0x00000000eff00000| PB 0x00000000eff00000| Complete 

Card table byte_map: [0x00000208b0380000,0x00000208b0480000] _byte_map_base: 0x00000208afc80000

Marking Bits: (CMBitMap*) 0x000002089813d810
 Bits: [0x00000208b0480000, 0x00000208b0c80000)

Polling page: 0x00000208981c0000

Metaspace:

Usage:
  Non-class:     43.58 MB used.
      Class:      7.33 MB used.
       Both:     50.91 MB used.

Virtual space:
  Non-class space:       64.00 MB reserved,      44.38 MB ( 69%) committed,  1 nodes.
      Class space:      320.00 MB reserved,       8.06 MB (  3%) committed,  1 nodes.
             Both:      384.00 MB reserved,      52.44 MB ( 14%) committed. 

Chunk freelists:
   Non-Class:  2.89 MB
       Class:  7.82 MB
        Both:  10.71 MB

MaxMetaspaceSize: 384.00 MB
CompressedClassSpaceSize: 320.00 MB
Initial GC threshold: 21.00 MB
Current GC threshold: 59.69 MB
CDS: on
 - commit_granule_bytes: 65536.
 - commit_granule_words: 8192.
 - virtual_space_node_default_size: 8388608.
 - enlarge_chunks_in_place: 1.
 - use_allocation_guard: 0.


Internal statistics:

num_allocs_failed_limit: 12.
num_arena_births: 2854.
num_arena_deaths: 0.
num_vsnodes_births: 2.
num_vsnodes_deaths: 0.
num_space_committed: 839.
num_space_uncommitted: 0.
num_chunks_returned_to_freelist: 12.
num_chunks_taken_from_freelist: 5269.
num_chunk_merges: 9.
num_chunk_splits: 3421.
num_chunks_enlarged: 2097.
num_inconsistent_stats: 0.

CodeHeap 'non-profiled nmethods': size=120000Kb used=3790Kb max_used=3790Kb free=116209Kb
 bounds [0x00000208a80c0000, 0x00000208a8480000, 0x00000208af5f0000]
CodeHeap 'profiled nmethods': size=120000Kb used=11749Kb max_used=11749Kb free=108250Kb
 bounds [0x00000208a05f0000, 0x00000208a1170000, 0x00000208a7b20000]
CodeHeap 'non-nmethods': size=5760Kb used=2755Kb max_used=2791Kb free=3004Kb
 bounds [0x00000208a7b20000, 0x00000208a7df0000, 0x00000208a80c0000]
 total_blobs=6813 nmethods=5941 adapters=773
 compilation: enabled
              stopped_count=0, restarted_count=0
 full_count=0

Compilation events (20 events):
Event: 55.522 Thread 0x00000208b3a535c0 6460       2       org.apache.groovy.parser.antlr4.GroovyParser$GroovyParserRuleContext::<init> (10 bytes)
Event: 55.523 Thread 0x00000208b3a535c0 nmethod 6460 0x00000208a1157810 code [0x00000208a11579a0, 0x00000208a1157ad8]
Event: 55.523 Thread 0x00000208b3a535c0 6461       2       groovyjarjarantlr4.v4.runtime.ParserRuleContext::copyFrom (104 bytes)
Event: 55.524 Thread 0x00000208b3a535c0 nmethod 6461 0x00000208a1157b90 code [0x00000208a1157dc0, 0x00000208a11583f0]
Event: 55.524 Thread 0x00000208b3a535c0 6462       2       org.apache.groovy.parser.antlr4.GroovyLexer::CapitalizedIdentifier_sempred (36 bytes)
Event: 55.525 Thread 0x00000208b3a535c0 nmethod 6462 0x00000208a1158610 code [0x00000208a11587e0, 0x00000208a11589e8]
Event: 55.526 Thread 0x00000208b3a535c0 6464       2       java.util.TimSort::minRunLength (43 bytes)
Event: 55.527 Thread 0x00000208b3a535c0 nmethod 6464 0x00000208a1158b10 code [0x00000208a1158ca0, 0x00000208a1158df0]
Event: 55.527 Thread 0x00000208b3a535c0 6465       2       java.util.TimSort::mergeForceCollapse (50 bytes)
Event: 55.528 Thread 0x00000208b3a535c0 nmethod 6465 0x00000208a1158e90 code [0x00000208a1159040, 0x00000208a1159248]
Event: 55.528 Thread 0x00000208b3a535c0 6463       2       java.util.TimSort::<init> (181 bytes)
Event: 55.530 Thread 0x00000208b3a535c0 nmethod 6463 0x00000208a1159390 code [0x00000208a1159580, 0x00000208a1159b78]
Event: 55.543 Thread 0x00000208b3a535c0 6467       2       groovyjarjarantlr4.v4.runtime.atn.LexerSkipAction::execute (5 bytes)
Event: 55.543 Thread 0x00000208b3a535c0 nmethod 6467 0x00000208a1159d90 code [0x00000208a1159f20, 0x00000208a115a030]
Event: 55.544 Thread 0x00000208b3a535c0 6468       2       groovyjarjarantlr4.v4.runtime.Lexer::skip (7 bytes)
Event: 55.544 Thread 0x00000208b3a535c0 nmethod 6468 0x00000208a115a110 code [0x00000208a115a2a0, 0x00000208a115a3b0]
Event: 55.573 Thread 0x00000208b3a535c0 6471       3       java.util.BitSet::nextSetBit (102 bytes)
Event: 55.576 Thread 0x00000208b3a535c0 nmethod 6471 0x00000208a115a490 code [0x00000208a115a720, 0x00000208a115b020]
Event: 55.588 Thread 0x00000208b3a535c0 6472 %     3       java.util.TimSort::mergeLo @ 153 (659 bytes)
Event: 56.594 Thread 0x00000208b3a535c0 nmethod 6472% 0x00000208a115b410 code [0x00000208a115b7c0, 0x00000208a115dd80]

GC Heap History (16 events):
Event: 1.498 GC heap before
{Heap before GC invocations=0 (full 0):
 garbage-first heap   total 262144K, used 23552K [0x00000000e0000000, 0x0000000100000000)
  region size 1024K, 23 young (23552K), 0 survivors (0K)
 Metaspace       used 894K, committed 1024K, reserved 393216K
  class space    used 69K, committed 128K, reserved 327680K
}
Event: 1.510 GC heap after
{Heap after GC invocations=1 (full 0):
 garbage-first heap   total 262144K, used 1610K [0x00000000e0000000, 0x0000000100000000)
  region size 1024K, 2 young (2048K), 2 survivors (2048K)
 Metaspace       used 894K, committed 1024K, reserved 393216K
  class space    used 69K, committed 128K, reserved 327680K
}
Event: 4.110 GC heap before
{Heap before GC invocations=1 (full 0):
 garbage-first heap   total 262144K, used 39498K [0x00000000e0000000, 0x0000000100000000)
  region size 1024K, 37 young (37888K), 2 survivors (2048K)
 Metaspace       used 4395K, committed 4608K, reserved 393216K
  class space    used 548K, committed 640K, reserved 327680K
}
Event: 4.123 GC heap after
{Heap after GC invocations=2 (full 0):
 garbage-first heap   total 262144K, used 11312K [0x00000000e0000000, 0x0000000100000000)
  region size 1024K, 5 young (5120K), 5 survivors (5120K)
 Metaspace       used 4395K, committed 4608K, reserved 393216K
  class space    used 548K, committed 640K, reserved 327680K
}
Event: 6.406 GC heap before
{Heap before GC invocations=2 (full 0):
 garbage-first heap   total 262144K, used 69680K [0x00000000e0000000, 0x0000000100000000)
  region size 1024K, 60 young (61440K), 5 survivors (5120K)
 Metaspace       used 6453K, committed 6656K, reserved 393216K
  class space    used 855K, committed 960K, reserved 327680K
}
Event: 6.422 GC heap after
{Heap after GC invocations=3 (full 0):
 garbage-first heap   total 262144K, used 18402K [0x00000000e0000000, 0x0000000100000000)
  region size 1024K, 6 young (6144K), 6 survivors (6144K)
 Metaspace       used 6453K, committed 6656K, reserved 393216K
  class space    used 855K, committed 960K, reserved 327680K
}
Event: 20.438 GC heap before
{Heap before GC invocations=3 (full 0):
 garbage-first heap   total 262144K, used 101346K [0x00000000e0000000, 0x0000000100000000)
  region size 1024K, 88 young (90112K), 6 survivors (6144K)
 Metaspace       used 20857K, committed 21504K, reserved 393216K
  class space    used 3012K, committed 3328K, reserved 327680K
}
Event: 20.464 GC heap after
{Heap after GC invocations=4 (full 0):
 garbage-first heap   total 262144K, used 24396K [0x00000000e0000000, 0x0000000100000000)
  region size 1024K, 12 young (12288K), 12 survivors (12288K)
 Metaspace       used 20857K, committed 21504K, reserved 393216K
  class space    used 3012K, committed 3328K, reserved 327680K
}
Event: 38.635 GC heap before
{Heap before GC invocations=5 (full 0):
 garbage-first heap   total 262144K, used 147276K [0x00000000e0000000, 0x0000000100000000)
  region size 1024K, 110 young (112640K), 12 survivors (12288K)
 Metaspace       used 34969K, committed 35968K, reserved 393216K
  class space    used 4983K, committed 5504K, reserved 327680K
}
Event: 38.664 GC heap after
{Heap after GC invocations=6 (full 0):
 garbage-first heap   total 262144K, used 59680K [0x00000000e0000000, 0x0000000100000000)
  region size 1024K, 17 young (17408K), 17 survivors (17408K)
 Metaspace       used 34969K, committed 35968K, reserved 393216K
  class space    used 4983K, committed 5504K, reserved 327680K
}
Event: 39.198 GC heap before
{Heap before GC invocations=6 (full 0):
 garbage-first heap   total 262144K, used 81184K [0x00000000e0000000, 0x0000000100000000)
  region size 1024K, 39 young (39936K), 17 survivors (17408K)
 Metaspace       used 35293K, committed 36288K, reserved 393216K
  class space    used 5005K, committed 5504K, reserved 327680K
}
Event: 39.219 GC heap after
{Heap after GC invocations=7 (full 0):
 garbage-first heap   total 262144K, used 61380K [0x00000000e0000000, 0x0000000100000000)
  region size 1024K, 13 young (13312K), 13 survivors (13312K)
 Metaspace       used 35293K, committed 36288K, reserved 393216K
  class space    used 5005K, committed 5504K, reserved 327680K
}
Event: 39.564 GC heap before
{Heap before GC invocations=7 (full 0):
 garbage-first heap   total 262144K, used 64452K [0x00000000e0000000, 0x0000000100000000)
  region size 1024K, 17 young (17408K), 13 survivors (13312K)
 Metaspace       used 35582K, committed 36608K, reserved 393216K
  class space    used 5058K, committed 5568K, reserved 327680K
}
Event: 39.579 GC heap after
{Heap after GC invocations=8 (full 0):
 garbage-first heap   total 262144K, used 62068K [0x00000000e0000000, 0x0000000100000000)
  region size 1024K, 3 young (3072K), 3 survivors (3072K)
 Metaspace       used 35582K, committed 36608K, reserved 393216K
  class space    used 5058K, committed 5568K, reserved 327680K
}
Event: 54.450 GC heap before
{Heap before GC invocations=9 (full 0):
 garbage-first heap   total 262144K, used 218740K [0x00000000e0000000, 0x0000000100000000)
  region size 1024K, 152 young (155648K), 3 survivors (3072K)
 Metaspace       used 51848K, committed 53440K, reserved 393216K
  class space    used 7477K, committed 8256K, reserved 327680K
}
Event: 54.474 GC heap after
{Heap after GC invocations=10 (full 0):
 garbage-first heap   total 262144K, used 70419K [0x00000000e0000000, 0x0000000100000000)
  region size 1024K, 11 young (11264K), 11 survivors (11264K)
 Metaspace       used 51848K, committed 53440K, reserved 393216K
  class space    used 7477K, committed 8256K, reserved 327680K
}

Dll operation events (15 events):
Event: 0.064 Loaded shared library C:\Program Files\Java\jdk-21\bin\java.dll
Event: 0.243 Loaded shared library C:\Program Files\Java\jdk-21\bin\jsvml.dll
Event: 0.393 Loaded shared library C:\Program Files\Java\jdk-21\bin\zip.dll
Event: 0.406 Loaded shared library C:\Program Files\Java\jdk-21\bin\instrument.dll
Event: 0.428 Loaded shared library C:\Program Files\Java\jdk-21\bin\net.dll
Event: 0.440 Loaded shared library C:\Program Files\Java\jdk-21\bin\nio.dll
Event: 0.449 Loaded shared library C:\Program Files\Java\jdk-21\bin\zip.dll
Event: 1.459 Loaded shared library C:\Program Files\Java\jdk-21\bin\jimage.dll
Event: 2.176 Loaded shared library C:\Program Files\Java\jdk-21\bin\verify.dll
Event: 2.579 Loaded shared library C:\Users\ADMIN\.gradle\native\1def1411415f61bf3af743bc5b6707747c0891f09f0c88961ee8f79bc544acac\windows-amd64\native-platform.dll
Event: 2.638 Loaded shared library C:\Users\ADMIN\.gradle\native\0.2.7\x86_64-windows-gnu\gradle-fileevents.dll
Event: 6.282 Loaded shared library C:\Program Files\Java\jdk-21\bin\management.dll
Event: 6.302 Loaded shared library C:\Program Files\Java\jdk-21\bin\management_ext.dll
Event: 6.893 Loaded shared library C:\Program Files\Java\jdk-21\bin\extnet.dll
Event: 7.630 Loaded shared library C:\Program Files\Java\jdk-21\bin\sunmscapi.dll

Deoptimization events (20 events):
Event: 55.222 Thread 0x00000208ce6b6ca0 Uncommon trap: trap_request=0xffffff45 fr.pc=0x00000208a8394678 relative=0x0000000000005d38
Event: 55.222 Thread 0x00000208ce6b6ca0 Uncommon trap: reason=unstable_if action=reinterpret pc=0x00000208a8394678 method=groovyjarjarantlr4.v4.runtime.atn.ParserATNSimulator.closure(Lgroovyjarjarantlr4/v4/runtime/atn/ATNConfig;Lgroovyjarjarantlr4/v4/runtime/atn/ATNConfigSet;Lgroovyjarjarantlr4
Event: 55.222 Thread 0x00000208ce6b6ca0 DEOPT PACKING pc=0x00000208a8394678 sp=0x00000081b4af45f0
Event: 55.222 Thread 0x00000208ce6b6ca0 DEOPT UNPACKING pc=0x00000208a7b746a2 sp=0x00000081b4af45e8 mode 2
Event: 55.312 Thread 0x00000208ce6b6ca0 Uncommon trap: trap_request=0xffffff45 fr.pc=0x00000208a81779e8 relative=0x00000000000000c8
Event: 55.312 Thread 0x00000208ce6b6ca0 Uncommon trap: reason=unstable_if action=reinterpret pc=0x00000208a81779e8 method=groovyjarjarantlr4.v4.runtime.atn.PredictionContextCache$IdentityCommutativePredictionContextOperands.equals(Ljava/lang/Object;)Z @ 40 c2
Event: 55.312 Thread 0x00000208ce6b6ca0 DEOPT PACKING pc=0x00000208a81779e8 sp=0x00000081b4af4ee0
Event: 55.312 Thread 0x00000208ce6b6ca0 DEOPT UNPACKING pc=0x00000208a7b746a2 sp=0x00000081b4af4e70 mode 2
Event: 55.359 Thread 0x00000208ce6b6ca0 Uncommon trap: trap_request=0xffffff45 fr.pc=0x00000208a80fe444 relative=0x0000000000000804
Event: 55.359 Thread 0x00000208ce6b6ca0 Uncommon trap: reason=unstable_if action=reinterpret pc=0x00000208a80fe444 method=groovyjarjarantlr4.v4.runtime.atn.PredictionContextCache$IdentityCommutativePredictionContextOperands.equals(Ljava/lang/Object;)Z @ 40 c2
Event: 55.359 Thread 0x00000208ce6b6ca0 DEOPT PACKING pc=0x00000208a80fe444 sp=0x00000081b4af4f20
Event: 55.359 Thread 0x00000208ce6b6ca0 DEOPT UNPACKING pc=0x00000208a7b746a2 sp=0x00000081b4af4c78 mode 2
Event: 55.418 Thread 0x00000208ce6b6ca0 Uncommon trap: trap_request=0xffffffbe fr.pc=0x00000208a84609a8 relative=0x0000000000002068
Event: 55.418 Thread 0x00000208ce6b6ca0 Uncommon trap: reason=profile_predicate action=maybe_recompile pc=0x00000208a84609a8 method=groovyjarjarantlr4.v4.runtime.atn.PredictionContext.getCachedContext(Lgroovyjarjarantlr4/v4/runtime/atn/PredictionContext;Ljava/util/concurrent/ConcurrentMap;Lgroo
Event: 55.418 Thread 0x00000208ce6b6ca0 DEOPT PACKING pc=0x00000208a84609a8 sp=0x00000081b4af4b40
Event: 55.418 Thread 0x00000208ce6b6ca0 DEOPT UNPACKING pc=0x00000208a7b746a2 sp=0x00000081b4af4af0 mode 2
Event: 55.418 Thread 0x00000208ce6b6ca0 Uncommon trap: trap_request=0xffffffbe fr.pc=0x00000208a84609a8 relative=0x0000000000002068
Event: 55.418 Thread 0x00000208ce6b6ca0 Uncommon trap: reason=profile_predicate action=maybe_recompile pc=0x00000208a84609a8 method=groovyjarjarantlr4.v4.runtime.atn.PredictionContext.getCachedContext(Lgroovyjarjarantlr4/v4/runtime/atn/PredictionContext;Ljava/util/concurrent/ConcurrentMap;Lgroo
Event: 55.419 Thread 0x00000208ce6b6ca0 DEOPT PACKING pc=0x00000208a84609a8 sp=0x00000081b4af4b40
Event: 55.419 Thread 0x00000208ce6b6ca0 DEOPT UNPACKING pc=0x00000208a7b746a2 sp=0x00000081b4af4af0 mode 2

Classes loaded (20 events):
Event: 53.450 Loading class java/util/stream/DistinctOps$1
Event: 53.450 Loading class java/util/stream/ReferencePipeline$StatefulOp
Event: 53.451 Loading class java/util/stream/ReferencePipeline$StatefulOp done
Event: 53.451 Loading class java/util/stream/DistinctOps$1 done
Event: 53.459 Loading class java/util/stream/DistinctOps$1$2
Event: 53.460 Loading class java/util/stream/DistinctOps$1$2 done
Event: 53.543 Loading class sun/reflect/ReflectionFactory
Event: 53.544 Loading class sun/reflect/ReflectionFactory done
Event: 53.544 Loading class sun/reflect/ReflectionFactory$1
Event: 53.544 Loading class sun/reflect/ReflectionFactory$1 done
Event: 54.072 Loading class java/util/stream/SortedOps$OfRef
Event: 54.072 Loading class java/util/stream/SortedOps$OfRef done
Event: 54.077 Loading class java/util/stream/SortedOps$SizedRefSortingSink
Event: 54.077 Loading class java/util/stream/SortedOps$AbstractRefSortingSink
Event: 54.077 Loading class java/util/stream/SortedOps$AbstractRefSortingSink done
Event: 54.078 Loading class java/util/stream/SortedOps$SizedRefSortingSink done
Event: 55.085 Loading class java/lang/ThreadDeath
Event: 55.085 Loading class java/lang/ThreadDeath done
Event: 55.086 Loading class sun/misc/SharedSecrets
Event: 55.086 Loading class sun/misc/SharedSecrets done

Classes unloaded (0 events):
No events

Classes redefined (0 events):
No events

Internal exceptions (20 events):
Event: 53.563 Thread 0x00000208ce6b6ca0 Exception <a 'java/lang/NoSuchMethodError'{0x00000000e717bf90}: 'java.lang.Object java.lang.invoke.DirectMethodHandle$Holder.newInvokeSpecial(java.lang.Object, java.lang.Object, java.lang.Object, java.lang.Object, int, java.lang.Object)'> (0x00000000e717bf90) 
thrown [s\open\src\hotspot\share\interpreter\linkResolver.cpp, line 773]
Event: 53.566 Thread 0x00000208ce6b6ca0 Exception <a 'java/lang/NoSuchMethodError'{0x00000000e7184d30}: 'java.lang.Object java.lang.invoke.Invokers$Holder.linkToTargetMethod(java.lang.Object, java.lang.Object, java.lang.Object, int, java.lang.Object, java.lang.Object)'> (0x00000000e7184d30) 
thrown [s\open\src\hotspot\share\interpreter\linkResolver.cpp, line 773]
Event: 53.878 Thread 0x00000208ce6b6ca0 Exception <a 'java/lang/NoSuchMethodError'{0x00000000e6daa638}: 'java.lang.Object java.lang.invoke.DirectMethodHandle$Holder.invokeSpecialIFC(java.lang.Object, java.lang.Object, java.lang.Object)'> (0x00000000e6daa638) 
thrown [s\open\src\hotspot\share\interpreter\linkResolver.cpp, line 773]
Event: 54.626 Thread 0x00000208ce6b6ca0 Exception <a 'sun/nio/fs/WindowsException'{0x00000000efe6e2d0}> (0x00000000efe6e2d0) 
thrown [s\open\src\hotspot\share\prims\jni.cpp, line 520]
Event: 54.630 Thread 0x00000208ce6b6ca0 Exception <a 'sun/nio/fs/WindowsException'{0x00000000efe6ff20}> (0x00000000efe6ff20) 
thrown [s\open\src\hotspot\share\prims\jni.cpp, line 520]
Event: 54.656 Thread 0x00000208ce6b6ca0 Exception <a 'sun/nio/fs/WindowsException'{0x00000000efe81dc0}> (0x00000000efe81dc0) 
thrown [s\open\src\hotspot\share\prims\jni.cpp, line 520]
Event: 54.681 Thread 0x00000208ce6b6ca0 Exception <a 'sun/nio/fs/WindowsException'{0x00000000efe92818}> (0x00000000efe92818) 
thrown [s\open\src\hotspot\share\prims\jni.cpp, line 520]
Event: 54.711 Thread 0x00000208ce6b6ca0 Exception <a 'sun/nio/fs/WindowsException'{0x00000000efea42b8}> (0x00000000efea42b8) 
thrown [s\open\src\hotspot\share\prims\jni.cpp, line 520]
Event: 54.738 Thread 0x00000208ce6b6ca0 Exception <a 'sun/nio/fs/WindowsException'{0x00000000efeb0880}> (0x00000000efeb0880) 
thrown [s\open\src\hotspot\share\prims\jni.cpp, line 520]
Event: 54.939 Thread 0x00000208d0598fc0 Exception <a 'sun/nio/fs/WindowsException'{0x00000000efd23840}> (0x00000000efd23840) 
thrown [s\open\src\hotspot\share\prims\jni.cpp, line 520]
Event: 54.941 Thread 0x00000208d0598fc0 Exception <a 'sun/nio/fs/WindowsException'{0x00000000efd23f20}> (0x00000000efd23f20) 
thrown [s\open\src\hotspot\share\prims\jni.cpp, line 520]
Event: 54.949 Thread 0x00000208d0598fc0 Exception <a 'sun/nio/fs/WindowsException'{0x00000000efd325a0}> (0x00000000efd325a0) 
thrown [s\open\src\hotspot\share\prims\jni.cpp, line 520]
Event: 54.962 Thread 0x00000208d0598fc0 Exception <a 'sun/nio/fs/WindowsException'{0x00000000efd41188}> (0x00000000efd41188) 
thrown [s\open\src\hotspot\share\prims\jni.cpp, line 520]
Event: 54.971 Thread 0x00000208d0598fc0 Exception <a 'sun/nio/fs/WindowsException'{0x00000000efd50f70}> (0x00000000efd50f70) 
thrown [s\open\src\hotspot\share\prims\jni.cpp, line 520]
Event: 54.982 Thread 0x00000208d0598fc0 Exception <a 'sun/nio/fs/WindowsException'{0x00000000efd5d7e8}> (0x00000000efd5d7e8) 
thrown [s\open\src\hotspot\share\prims\jni.cpp, line 520]
Event: 55.032 Thread 0x00000208ce6b6ca0 Exception <a 'java/lang/ClassNotFoundException'{0x00000000efdc0810}: ijIdeaPluginConfigurator2_23eo1lkw6lbhyije2o0skhk4gBeanInfo> (0x00000000efdc0810) 
thrown [s\open\src\hotspot\share\classfile\systemDictionary.cpp, line 312]
Event: 55.033 Thread 0x00000208ce6b6ca0 Exception <a 'java/lang/ClassNotFoundException'{0x00000000efdc84d0}: ijIdeaPluginConfigurator2_23eo1lkw6lbhyije2o0skhk4gCustomizer> (0x00000000efdc84d0) 
thrown [s\open\src\hotspot\share\classfile\systemDictionary.cpp, line 312]
Event: 55.086 Thread 0x00000208ce6b6ca0 Exception <a 'java/lang/ClassNotFoundException'{0x00000000efc2c9b0}: sun/misc/SharedSecrets> (0x00000000efc2c9b0) 
thrown [s\open\src\hotspot\share\classfile\systemDictionary.cpp, line 312]
Event: 55.087 Thread 0x00000208ce6b6ca0 Exception <a 'java/lang/ClassNotFoundException'{0x00000000efc30508}: com/intellij/gradle/toolingExtension/impl/initScript/util/GradleLifecycleUtilBeanInfo> (0x00000000efc30508) 
thrown [s\open\src\hotspot\share\classfile\systemDictionary.cpp, line 312]
Event: 55.088 Thread 0x00000208ce6b6ca0 Exception <a 'java/lang/ClassNotFoundException'{0x00000000efc39250}: com/intellij/gradle/toolingExtension/impl/initScript/util/GradleLifecycleUtilCustomizer> (0x00000000efc39250) 
thrown [s\open\src\hotspot\share\classfile\systemDictionary.cpp, line 312]

ZGC Phase Switch (0 events):
No events

VM Operations (20 events):
Event: 49.423 Executing VM operation: Cleanup done
Event: 50.359 Executing VM operation: HandshakeAllThreads (Deoptimize)
Event: 50.359 Executing VM operation: HandshakeAllThreads (Deoptimize) done
Event: 50.923 Executing VM operation: HandshakeAllThreads (Deoptimize)
Event: 50.924 Executing VM operation: HandshakeAllThreads (Deoptimize) done
Event: 50.924 Executing VM operation: Cleanup
Event: 50.924 Executing VM operation: Cleanup done
Event: 51.939 Executing VM operation: Cleanup
Event: 51.941 Executing VM operation: Cleanup done
Event: 52.687 Executing VM operation: HandshakeAllThreads (Deoptimize)
Event: 52.688 Executing VM operation: HandshakeAllThreads (Deoptimize) done
Event: 53.456 Executing VM operation: HandshakeAllThreads (Deoptimize)
Event: 53.457 Executing VM operation: HandshakeAllThreads (Deoptimize) done
Event: 53.457 Executing VM operation: Cleanup
Event: 53.459 Executing VM operation: Cleanup done
Event: 54.449 Executing VM operation: G1CollectForAllocation (G1 Evacuation Pause)
Event: 54.474 Executing VM operation: G1CollectForAllocation (G1 Evacuation Pause) done
Event: 55.313 Executing VM operation: ICBufferFull
Event: 55.315 Executing VM operation: ICBufferFull done
Event: 56.325 Executing VM operation: Cleanup

Events (20 events):
Event: 45.129 Thread 0x00000208d13f23f0 Thread exited: 0x00000208d13f23f0
Event: 45.255 Thread 0x00000208d13f23f0 Thread added: 0x00000208d13f23f0
Event: 45.401 Thread 0x00000208d13f23f0 Thread exited: 0x00000208d13f23f0
Event: 48.669 Thread 0x00000208d059b090 Thread added: 0x00000208d059b090
Event: 49.091 Thread 0x00000208d1b55fa0 Thread added: 0x00000208d1b55fa0
Event: 52.293 Thread 0x00000208cf112d10 Thread added: 0x00000208cf112d10
Event: 52.556 Thread 0x00000208cf112d10 Thread exited: 0x00000208cf112d10
Event: 53.697 Thread 0x00000208d1b55910 Thread added: 0x00000208d1b55910
Event: 53.707 Thread 0x00000208d1b579e0 Thread added: 0x00000208d1b579e0
Event: 53.709 Thread 0x00000208d1b55280 Thread added: 0x00000208d1b55280
Event: 53.716 Thread 0x00000208d1b56630 Thread added: 0x00000208d1b56630
Event: 53.882 Thread 0x00000208d1b56cc0 Thread added: 0x00000208d1b56cc0
Event: 53.887 Thread 0x00000208d1b58070 Thread added: 0x00000208d1b58070
Event: 53.892 Thread 0x00000208d1b54bf0 Thread added: 0x00000208d1b54bf0
Event: 53.895 Thread 0x00000208d1b5ae60 Thread added: 0x00000208d1b5ae60
Event: 53.906 Thread 0x00000208d1b25d50 Thread added: 0x00000208d1b25d50
Event: 54.268 Thread 0x00000208d0700750 Thread added: 0x00000208d0700750
Event: 54.654 Thread 0x00000208d0700750 Thread exited: 0x00000208d0700750
Event: 54.677 Thread 0x00000208d1b25d50 Thread exited: 0x00000208d1b25d50
Event: 55.211 Thread 0x00000208cf6e13a0 Thread added: 0x00000208cf6e13a0


Dynamic libraries:
0x00007ff615610000 - 0x00007ff615620000 	C:\Program Files\Java\jdk-21\bin\java.exe
0x00007ffdf8180000 - 0x00007ffdf83e5000 	C:\WINDOWS\SYSTEM32\ntdll.dll
0x00007ffdceca0000 - 0x00007ffdcecc0000 	C:\Program Files\AVG\Antivirus\aswhook.dll
0x00007ffdf7610000 - 0x00007ffdf76d9000 	C:\WINDOWS\System32\KERNEL32.DLL
0x00007ffdf5560000 - 0x00007ffdf5948000 	C:\WINDOWS\System32\KERNELBASE.dll
0x00007ffdf1920000 - 0x00007ffdf19be000 	C:\WINDOWS\SYSTEM32\apphelp.dll
0x00007ffdf5360000 - 0x00007ffdf54ab000 	C:\WINDOWS\System32\ucrtbase.dll
0x00007ffdd4050000 - 0x00007ffdd4069000 	C:\Program Files\Java\jdk-21\bin\jli.dll
0x00007ffdd3c70000 - 0x00007ffdd3c8b000 	C:\Program Files\Java\jdk-21\bin\VCRUNTIME140.dll
0x00007ffdf6170000 - 0x00007ffdf6223000 	C:\WINDOWS\System32\ADVAPI32.dll
0x00007ffdf7f70000 - 0x00007ffdf8019000 	C:\WINDOWS\System32\msvcrt.dll
0x00007ffdf77e0000 - 0x00007ffdf7886000 	C:\WINDOWS\System32\sechost.dll
0x00007ffdf8020000 - 0x00007ffdf8135000 	C:\WINDOWS\System32\RPCRT4.dll
0x00007ffdf70d0000 - 0x00007ffdf729a000 	C:\WINDOWS\System32\USER32.dll
0x00007ffdf5a10000 - 0x00007ffdf5a37000 	C:\WINDOWS\System32\win32u.dll
0x00007ffdc7be0000 - 0x00007ffdc7e7a000 	C:\WINDOWS\WinSxS\amd64_microsoft.windows.common-controls_6595b64144ccf1df_6.0.26100.4202_none_3e0698d4e335f517\COMCTL32.dll
0x00007ffdf7d40000 - 0x00007ffdf7d6b000 	C:\WINDOWS\System32\GDI32.dll
0x00007ffdf5a40000 - 0x00007ffdf5b77000 	C:\WINDOWS\System32\gdi32full.dll
0x00007ffdf54b0000 - 0x00007ffdf5553000 	C:\WINDOWS\System32\msvcp_win.dll
0x00007ffde1450000 - 0x00007ffde145b000 	C:\WINDOWS\SYSTEM32\VERSION.dll
0x00007ffdf5fb0000 - 0x00007ffdf5fe0000 	C:\WINDOWS\System32\IMM32.DLL
0x00007ffdedea0000 - 0x00007ffdedeac000 	C:\Program Files\Java\jdk-21\bin\vcruntime140_1.dll
0x00007ffd7a270000 - 0x00007ffd7a2fe000 	C:\Program Files\Java\jdk-21\bin\msvcp140.dll
0x00007ffd22950000 - 0x00007ffd23667000 	C:\Program Files\Java\jdk-21\bin\server\jvm.dll
0x00007ffdf5f20000 - 0x00007ffdf5f94000 	C:\WINDOWS\System32\WS2_32.dll
0x00007ffdf5120000 - 0x00007ffdf517e000 	C:\WINDOWS\SYSTEM32\POWRPROF.dll
0x00007ffdf1df0000 - 0x00007ffdf1e25000 	C:\WINDOWS\SYSTEM32\WINMM.dll
0x00007ffdf5100000 - 0x00007ffdf5114000 	C:\WINDOWS\SYSTEM32\UMPDC.dll
0x00007ffdf4090000 - 0x00007ffdf40ab000 	C:\WINDOWS\SYSTEM32\kernel.appcore.dll
0x00007ffdd3bf0000 - 0x00007ffdd3bfa000 	C:\Program Files\Java\jdk-21\bin\jimage.dll
0x00007ffdf2890000 - 0x00007ffdf2ad1000 	C:\WINDOWS\SYSTEM32\DBGHELP.DLL
0x00007ffdf7890000 - 0x00007ffdf7c15000 	C:\WINDOWS\System32\combase.dll
0x00007ffdf7e80000 - 0x00007ffdf7f61000 	C:\WINDOWS\System32\OLEAUT32.dll
0x00007ffde0cc0000 - 0x00007ffde0cf9000 	C:\WINDOWS\SYSTEM32\dbgcore.DLL
0x00007ffdf5d00000 - 0x00007ffdf5d99000 	C:\WINDOWS\System32\bcryptPrimitives.dll
0x00007ffdd3be0000 - 0x00007ffdd3bef000 	C:\Program Files\Java\jdk-21\bin\instrument.dll
0x00007ffdd3aa0000 - 0x00007ffdd3abf000 	C:\Program Files\Java\jdk-21\bin\java.dll
0x00007ffdf6340000 - 0x00007ffdf6a82000 	C:\WINDOWS\System32\SHELL32.dll
0x00007ffdf5b80000 - 0x00007ffdf5cf4000 	C:\WINDOWS\System32\wintypes.dll
0x00007ffdf2f00000 - 0x00007ffdf3758000 	C:\WINDOWS\SYSTEM32\windows.storage.dll
0x00007ffdf6070000 - 0x00007ffdf6161000 	C:\WINDOWS\System32\SHCORE.dll
0x00007ffdf7cd0000 - 0x00007ffdf7d3a000 	C:\WINDOWS\System32\shlwapi.dll
0x00007ffdf51e0000 - 0x00007ffdf520f000 	C:\WINDOWS\SYSTEM32\profapi.dll
0x00007ffd73370000 - 0x00007ffd73447000 	C:\Program Files\Java\jdk-21\bin\jsvml.dll
0x00007ffdd2ee0000 - 0x00007ffdd2ef8000 	C:\Program Files\Java\jdk-21\bin\zip.dll
0x00007ffdd2ed0000 - 0x00007ffdd2ee0000 	C:\Program Files\Java\jdk-21\bin\net.dll
0x00007ffde3b70000 - 0x00007ffde3c8e000 	C:\WINDOWS\SYSTEM32\WINHTTP.dll
0x00007ffdf4600000 - 0x00007ffdf466a000 	C:\WINDOWS\system32\mswsock.dll
0x00007ffdd2d20000 - 0x00007ffdd2d36000 	C:\Program Files\Java\jdk-21\bin\nio.dll
0x00007ffdd2e30000 - 0x00007ffdd2e40000 	C:\Program Files\Java\jdk-21\bin\verify.dll
0x00007ffde2e70000 - 0x00007ffde2e97000 	C:\Users\ADMIN\.gradle\native\1def1411415f61bf3af743bc5b6707747c0891f09f0c88961ee8f79bc544acac\windows-amd64\native-platform.dll
0x00007ffd732f0000 - 0x00007ffd73368000 	C:\Users\ADMIN\.gradle\native\0.2.7\x86_64-windows-gnu\gradle-fileevents.dll
0x00007ffdd2de0000 - 0x00007ffdd2dea000 	C:\Program Files\Java\jdk-21\bin\management.dll
0x00007ffdd2d10000 - 0x00007ffdd2d1b000 	C:\Program Files\Java\jdk-21\bin\management_ext.dll
0x00007ffdf77c0000 - 0x00007ffdf77c8000 	C:\WINDOWS\System32\PSAPI.DLL
0x00007ffdf3ad0000 - 0x00007ffdf3b03000 	C:\WINDOWS\SYSTEM32\IPHLPAPI.DLL
0x00007ffdf77d0000 - 0x00007ffdf77da000 	C:\WINDOWS\System32\NSI.dll
0x00007ffdd2ba0000 - 0x00007ffdd2ba9000 	C:\Program Files\Java\jdk-21\bin\extnet.dll
0x00007ffdf48c0000 - 0x00007ffdf48db000 	C:\WINDOWS\SYSTEM32\CRYPTSP.dll
0x00007ffdf3ff0000 - 0x00007ffdf402a000 	C:\WINDOWS\system32\rsaenh.dll
0x00007ffdf46a0000 - 0x00007ffdf46cb000 	C:\WINDOWS\SYSTEM32\USERENV.dll
0x00007ffdf51b0000 - 0x00007ffdf51d6000 	C:\WINDOWS\SYSTEM32\bcrypt.dll
0x00007ffdf48b0000 - 0x00007ffdf48bc000 	C:\WINDOWS\SYSTEM32\CRYPTBASE.dll
0x00007ffdd29d0000 - 0x00007ffdd29de000 	C:\Program Files\Java\jdk-21\bin\sunmscapi.dll
0x00007ffdf5da0000 - 0x00007ffdf5f17000 	C:\WINDOWS\System32\CRYPT32.dll
0x00007ffdf4ad0000 - 0x00007ffdf4b00000 	C:\WINDOWS\SYSTEM32\ncrypt.dll
0x00007ffdf4a80000 - 0x00007ffdf4abf000 	C:\WINDOWS\SYSTEM32\NTASN1.dll
0x00007ffdb5f40000 - 0x00007ffdb5f48000 	C:\WINDOWS\system32\wshunix.dll
0x00007ffdf41b0000 - 0x00007ffdf41e6000 	C:\WINDOWS\SYSTEM32\ntmarta.dll

dbghelp: loaded successfully - version: 4.0.5 - missing functions: none
symbol engine: initialized successfully - sym options: 0x614 - pdb path: .;C:\Program Files\Java\jdk-21\bin;C:\WINDOWS\SYSTEM32;C:\Program Files\AVG\Antivirus;C:\WINDOWS\WinSxS\amd64_microsoft.windows.common-controls_6595b64144ccf1df_6.0.26100.4202_none_3e0698d4e335f517;C:\Program Files\Java\jdk-21\bin\server;C:\Users\ADMIN\.gradle\native\1def1411415f61bf3af743bc5b6707747c0891f09f0c88961ee8f79bc544acac\windows-amd64;C:\Users\ADMIN\.gradle\native\0.2.7\x86_64-windows-gnu

VM Arguments:
jvm_args: --add-opens=java.base/java.lang=ALL-UNNAMED --add-opens=java.base/java.lang.invoke=ALL-UNNAMED --add-opens=java.base/java.util=ALL-UNNAMED --add-opens=java.prefs/java.util.prefs=ALL-UNNAMED --add-exports=jdk.compiler/com.sun.tools.javac.api=ALL-UNNAMED --add-exports=jdk.compiler/com.sun.tools.javac.util=ALL-UNNAMED --add-opens=java.base/java.util=ALL-UNNAMED --add-opens=java.prefs/java.util.prefs=ALL-UNNAMED --add-opens=java.base/java.nio.charset=ALL-UNNAMED --add-opens=java.base/java.net=ALL-UNNAMED --add-opens=java.base/java.util.concurrent.atomic=ALL-UNNAMED --add-opens=java.xml/javax.xml.namespace=ALL-UNNAMED -XX:MaxMetaspaceSize=384m -XX:+HeapDumpOnOutOfMemoryError -Xms256m -Xmx512m -Dfile.encoding=UTF-8 -Duser.country=IN -Duser.language=en -Duser.variant -javaagent:C:\Users\ADMIN\.gradle\wrapper\dists\gradle-8.14.3-bin\cv11ve7ro1n3o1j4so8xd9n66\gradle-8.14.3\lib\agents\gradle-instrumentation-agent-8.14.3.jar 
java_command: org.gradle.launcher.daemon.bootstrap.GradleDaemon 8.14.3
java_class_path (initial): C:\Users\ADMIN\.gradle\wrapper\dists\gradle-8.14.3-bin\cv11ve7ro1n3o1j4so8xd9n66\gradle-8.14.3\lib\gradle-daemon-main-8.14.3.jar
Launcher Type: SUN_STANDARD

[Global flags]
     intx CICompilerCount                          = 4                                         {product} {ergonomic}
   size_t CompressedClassSpaceSize                 = 335544320                                 {product} {ergonomic}
     uint ConcGCThreads                            = 3                                         {product} {ergonomic}
     uint G1ConcRefinementThreads                  = 10                                        {product} {ergonomic}
   size_t G1HeapRegionSize                         = 1048576                                   {product} {ergonomic}
    uintx GCDrainStackTargetSize                   = 64                                        {product} {ergonomic}
     bool HeapDumpOnOutOfMemoryError               = true                                   {manageable} {command line}
   size_t InitialHeapSize                          = 268435456                                 {product} {command line}
   size_t MarkStackSize                            = 4194304                                   {product} {ergonomic}
   size_t MaxHeapSize                              = 536870912                                 {product} {command line}
   size_t MaxMetaspaceSize                         = 402653184                                 {product} {command line}
   size_t MaxNewSize                               = 321912832                                 {product} {ergonomic}
   size_t MinHeapDeltaBytes                        = 1048576                                   {product} {ergonomic}
   size_t MinHeapSize                              = 268435456                                 {product} {command line}
    uintx NonNMethodCodeHeapSize                   = 5839372                                {pd product} {ergonomic}
    uintx NonProfiledCodeHeapSize                  = 122909434                              {pd product} {ergonomic}
    uintx ProfiledCodeHeapSize                     = 122909434                              {pd product} {ergonomic}
    uintx ReservedCodeCacheSize                    = 251658240                              {pd product} {ergonomic}
     bool SegmentedCodeCache                       = true                                      {product} {ergonomic}
   size_t SoftMaxHeapSize                          = 536870912                              {manageable} {ergonomic}
     bool UseCompressedOops                        = true                           {product lp64_product} {ergonomic}
     bool UseG1GC                                  = true                                      {product} {ergonomic}
     bool UseLargePagesIndividualAllocation        = false                                  {pd product} {ergonomic}

Logging:
Log output configuration:
 #0: stdout all=warning uptime,level,tags foldmultilines=false
 #1: stderr all=off uptime,level,tags foldmultilines=false

Environment Variables:
JAVA_HOME=C:\Program Files\Java\jdk-21
PATH=C:\Program Files\Common Files\Oracle\Java\javapath;C:\WINDOWS\system32;C:\WINDOWS;C:\WINDOWS\System32\Wbem;C:\WINDOWS\System32\WindowsPowerShell\v1.0\;C:\WINDOWS\System32\OpenSSH\;C:\Program Files\dotnet\;C:\Program Files\Git\cmd;C:\Users\ADMIN\AppData\Local\Programs\Python\Python39\Scripts\;C:\Users\ADMIN\AppData\Local\Programs\Python\Python39\;C:\Users\ADMIN\AppData\Local\Programs\Python\Python312\Scripts\;C:\Users\ADMIN\AppData\Local\Programs\Python\Python312\;C:\Users\ADMIN\AppData\Local\Microsoft\WindowsApps;C:\Users\ADMIN\AppData\Local\Programs\Microsoft VS Code\bin;C:\Program Files\Java\jdk-21\bin;C:\Program Files\MongoDB\Server\4.2\bin;E:\SpringBoot\IntelliJ IDEA 2025.1.2\bin;
USERNAME=ADMIN
OS=Windows_NT
PROCESSOR_IDENTIFIER=Intel64 Family 6 Model 154 Stepping 4, GenuineIntel
TMP=C:\Users\ADMIN\AppData\Local\Temp
TEMP=C:\Users\ADMIN\AppData\Local\Temp




Periodic native trim disabled

---------------  S Y S T E M  ---------------

OS:
 Windows 11 , 64 bit Build 26100 (10.0.26100.4202)
OS uptime: 0 days 11:06 hours
Hyper-V role detected

CPU: total 12 (initial active 12) (6 cores per cpu, 2 threads per core) family 6 model 154 stepping 4 microcode 0x435, cx8, cmov, fxsr, ht, mmx, 3dnowpref, sse, sse2, sse3, ssse3, sse4.1, sse4.2, popcnt, lzcnt, tsc, tscinvbit, avx, avx2, aes, erms, clmul, bmi1, bmi2, adx, sha, fma, vzeroupper, clflush, clflushopt, clwb, hv, serialize, rdtscp, rdpid, fsrm, f16c, cet_ibt, cet_ss
Processor Information for all 12 processors :
  Max Mhz: 1300, Current Mhz: 1300, Mhz Limit: 1300

Memory: 4k page, system-wide physical 7876M (631M free)
TotalPageFile size 16068M (AvailPageFile size 8M)
current process WorkingSet (physical memory assigned to process): 344M, peak: 348M
current process commit charge ("private bytes"): 486M, peak: 491M

vm_info: Java HotSpot(TM) 64-Bit Server VM (21.0.2+13-LTS-58) for windows-amd64 JRE (21.0.2+13-LTS-58), built on 2024-01-05T18:32:24Z by "mach5one" with MS VC++ 17.1 (VS2022)

END.
