#
# There is insufficient memory for the Java Runtime Environment to continue.
# Native memory allocation (malloc) failed to allocate 1839392 bytes for Chunk::new
# Possible reasons:
#   The system is out of physical RAM or swap space
#   The process is running with CompressedOops enabled, and the Java Heap may be blocking the growth of the native heap
# Possible solutions:
#   Reduce memory load on the system
#   Increase physical memory or swap space
#   Check if swap backing store is full
#   Decrease Java heap size (-Xmx/-Xms)
#   Decrease number of Java threads
#   Decrease Java thread stack sizes (-Xss)
#   Set larger code cache with -XX:ReservedCodeCacheSize=
#   JVM is running with Unscaled Compressed Oops mode in which the Java heap is
#     placed in the first 4GB address space. The Java Heap base address is the
#     maximum limit for the native heap growth. Please use -XX:HeapBaseMinAddress
#     to set the Java Heap base and to place the Java Heap above 4GB virtual address.
# This output file may be truncated or incomplete.
#
#  Out of Memory Error (arena.cpp:168), pid=26836, tid=2736
#
# JRE version: Java(TM) SE Runtime Environment (21.0.2+13) (build 21.0.2+13-LTS-58)
# Java VM: Java HotSpot(TM) 64-Bit Server VM (21.0.2+13-LTS-58, mixed mode, sharing, tiered, compressed oops, compressed class ptrs, g1 gc, windows-amd64)
# No core dump will be written. Minidumps are not enabled by default on client versions of Windows
#

---------------  S U M M A R Y ------------

Command Line: -Xmx64m -Xms64m -Dorg.gradle.appname=gradlew E:\SpringBoot\StudentsCRUD\\gradle\wrapper\gradle-wrapper.jar bootRun

Host: 12th Gen Intel(R) Core(TM) i5-1235U, 12 cores, 7G,  Windows 11 , 64 bit Build 26100 (10.0.26100.4202)
Time: Mon Jul 28 17:17:20 2025 India Standard Time elapsed time: 482.802764 seconds (0d 0h 8m 2s)

---------------  T H R E A D  ---------------

Current thread (0x000001e7f5a564a0):  JavaThread "C2 CompilerThread0" daemon [_thread_in_native, id=2736, stack(0x000000b481d00000,0x000000b481e00000) (1024K)]


Current CompileTask:
C2: 482803 2185       4       org.gradle.internal.logging.console.BuildStatusRenderer::onOutput (350 bytes)

Stack: [0x000000b481d00000,0x000000b481e00000]
Native frames: (J=compiled Java code, j=interpreted, Vv=VM code, C=native code)
V  [jvm.dll+0x6cade9]
V  [jvm.dll+0x8569c1]
V  [jvm.dll+0x858d2e]
V  [jvm.dll+0x859413]
V  [jvm.dll+0x280e56]
V  [jvm.dll+0xc3f3d]
V  [jvm.dll+0xc4473]
V  [jvm.dll+0x3b5c2c]
V  [jvm.dll+0x382855]
V  [jvm.dll+0x381cca]
V  [jvm.dll+0x249bd0]
V  [jvm.dll+0x2491b1]
V  [jvm.dll+0x1c9634]
V  [jvm.dll+0x258859]
V  [jvm.dll+0x256e3a]
V  [jvm.dll+0x3ef6c6]
V  [jvm.dll+0x7ff568]
V  [jvm.dll+0x6c953d]
C  [ucrtbase.dll+0x37b0]
C  [KERNEL32.DLL+0x2e8d7]
C  [ntdll.dll+0x3c34c]


---------------  P R O C E S S  ---------------

Threads class SMR info:
_java_thread_list=0x000001e7faf7e5e0, length=12, elements={
0x000001e7d912eba0, 0x000001e7f5a345f0, 0x000001e7f5a34e60, 0x000001e7f5a376e0,
0x000001e7f5a39e90, 0x000001e7f5a3e9c0, 0x000001e7f5a3dca0, 0x000001e7f5a564a0,
0x000001e7f5a56b50, 0x000001e7f5a3c8f0, 0x000001e7f5a3cf80, 0x000001e7f5a3d610
}

Java Threads: ( => current thread )
  0x000001e7d912eba0 JavaThread "main"                              [_thread_in_native, id=22688, stack(0x000000b480f00000,0x000000b481000000) (1024K)]
  0x000001e7f5a345f0 JavaThread "Reference Handler"          daemon [_thread_blocked, id=20456, stack(0x000000b481700000,0x000000b481800000) (1024K)]
  0x000001e7f5a34e60 JavaThread "Finalizer"                  daemon [_thread_blocked, id=8064, stack(0x000000b481800000,0x000000b481900000) (1024K)]
  0x000001e7f5a376e0 JavaThread "Signal Dispatcher"          daemon [_thread_blocked, id=22080, stack(0x000000b481900000,0x000000b481a00000) (1024K)]
  0x000001e7f5a39e90 JavaThread "Attach Listener"            daemon [_thread_blocked, id=26364, stack(0x000000b481a00000,0x000000b481b00000) (1024K)]
  0x000001e7f5a3e9c0 JavaThread "Service Thread"             daemon [_thread_blocked, id=7736, stack(0x000000b481b00000,0x000000b481c00000) (1024K)]
  0x000001e7f5a3dca0 JavaThread "Monitor Deflation Thread"   daemon [_thread_blocked, id=24160, stack(0x000000b481c00000,0x000000b481d00000) (1024K)]
=>0x000001e7f5a564a0 JavaThread "C2 CompilerThread0"         daemon [_thread_in_native, id=2736, stack(0x000000b481d00000,0x000000b481e00000) (1024K)]
  0x000001e7f5a56b50 JavaThread "C1 CompilerThread0"         daemon [_thread_blocked, id=8152, stack(0x000000b481e00000,0x000000b481f00000) (1024K)]
  0x000001e7f5a3c8f0 JavaThread "Notification Thread"        daemon [_thread_blocked, id=17240, stack(0x000000b481f00000,0x000000b482000000) (1024K)]
  0x000001e7f5a3cf80 JavaThread "Common-Cleaner"             daemon [_thread_blocked, id=21600, stack(0x000000b482000000,0x000000b482100000) (1024K)]
  0x000001e7f5a3d610 JavaThread "pool-1-thread-1"                   [_thread_blocked, id=22216, stack(0x000000b482200000,0x000000b482300000) (1024K)]
Total: 12

Other Threads:
  0x000001e7f5a17a50 VMThread "VM Thread"                           [id=27244, stack(0x000000b481600000,0x000000b481700000) (1024K)]
  0x000001e7f59fce00 WatcherThread "VM Periodic Task Thread"        [id=26176, stack(0x000000b481500000,0x000000b481600000) (1024K)]
  0x000001e7d91fe830 WorkerThread "GC Thread#0"                     [id=11544, stack(0x000000b481000000,0x000000b481100000) (1024K)]
  0x000001e7f5e504d0 WorkerThread "GC Thread#1"                     [id=16732, stack(0x000000b482300000,0x000000b482400000) (1024K)]
  0x000001e7fa117230 WorkerThread "GC Thread#2"                     [id=12912, stack(0x000000b482400000,0x000000b482500000) (1024K)]
  0x000001e7fa1175d0 WorkerThread "GC Thread#3"                     [id=5204, stack(0x000000b482500000,0x000000b482600000) (1024K)]
  0x000001e7fab661d0 WorkerThread "GC Thread#4"                     [id=20188, stack(0x000000b482700000,0x000000b482800000) (1024K)]
  0x000001e7fab719f0 WorkerThread "GC Thread#5"                     [id=7388, stack(0x000000b482800000,0x000000b482900000) (1024K)]
  0x000001e7faf9c8c0 WorkerThread "GC Thread#6"                     [id=1992, stack(0x000000b482900000,0x000000b482a00000) (1024K)]
  0x000001e7faf9c180 WorkerThread "GC Thread#7"                     [id=26524, stack(0x000000b482a00000,0x000000b482b00000) (1024K)]
  0x000001e7daba88b0 ConcurrentGCThread "G1 Main Marker"            [id=22044, stack(0x000000b481100000,0x000000b481200000) (1024K)]
  0x000001e7daba93b0 WorkerThread "G1 Conc#0"                       [id=17340, stack(0x000000b481200000,0x000000b481300000) (1024K)]
  0x000001e7dac42a30 ConcurrentGCThread "G1 Refine#0"               [id=21980, stack(0x000000b481300000,0x000000b481400000) (1024K)]
  0x000001e7dac42f50 ConcurrentGCThread "G1 Service"                [id=21612, stack(0x000000b481400000,0x000000b481500000) (1024K)]
Total: 14

Threads with active compile tasks:
C2 CompilerThread0   482888 2185       4       org.gradle.internal.logging.console.BuildStatusRenderer::onOutput (350 bytes)
Total: 1

VM state: not at safepoint (normal execution)

VM Mutex/Monitor currently owned by a thread: None

Heap address: 0x00000000fc000000, size: 64 MB, Compressed Oops mode: 32-bit

CDS archive(s) mapped at: [0x000001e780000000-0x000001e780c90000-0x000001e780c90000), size 13172736, SharedBaseAddress: 0x000001e780000000, ArchiveRelocationMode: 1.
Compressed class space mapped at: 0x000001e781000000-0x000001e7c1000000, reserved size: 1073741824
Narrow klass base: 0x000001e780000000, Narrow klass shift: 0, Narrow klass range: 0x100000000

GC Precious Log:
 CardTable entry size: 512
 Card Set container configuration: InlinePtr #cards 5 size 8 Array Of Cards #cards 12 size 40 Howl #buckets 4 coarsen threshold 1843 Howl Bitmap #cards 512 size 80 coarsen threshold 460 Card regions per heap region 1 cards per card region 2048
 CPUs: 12 total, 12 available
 Memory: 7876M
 Large Page Support: Disabled
 NUMA Support: Disabled
 Compressed Oops: Enabled (32-bit)
 Heap Region Size: 1M
 Heap Min Capacity: 64M
 Heap Initial Capacity: 64M
 Heap Max Capacity: 64M
 Pre-touch: Disabled
 Parallel Workers: 10
 Concurrent Workers: 3
 Concurrent Refinement Workers: 10
 Periodic GC: Disabled

Heap:
 garbage-first heap   total 65536K, used 20463K [0x00000000fc000000, 0x0000000100000000)
  region size 1024K, 15 young (15360K), 5 survivors (5120K)
 Metaspace       used 9829K, committed 10240K, reserved 1114112K
  class space    used 1294K, committed 1472K, reserved 1048576K

Heap Regions: E=young(eden), S=young(survivor), O=old, HS=humongous(starts), HC=humongous(continues), CS=collection set, F=free, TAMS=top-at-mark-start, PB=parsable bottom
|   0|0x00000000fc000000, 0x00000000fc100000, 0x00000000fc100000|100%|HS|  |TAMS 0x00000000fc000000| PB 0x00000000fc000000| Complete 
|   1|0x00000000fc100000, 0x00000000fc200000, 0x00000000fc200000|100%|HC|  |TAMS 0x00000000fc100000| PB 0x00000000fc100000| Complete 
|   2|0x00000000fc200000, 0x00000000fc300000, 0x00000000fc300000|100%|HC|  |TAMS 0x00000000fc200000| PB 0x00000000fc200000| Complete 
|   3|0x00000000fc300000, 0x00000000fc400000, 0x00000000fc400000|100%| O|  |TAMS 0x00000000fc300000| PB 0x00000000fc300000| Untracked 
|   4|0x00000000fc400000, 0x00000000fc500000, 0x00000000fc500000|100%| O|  |TAMS 0x00000000fc400000| PB 0x00000000fc400000| Untracked 
|   5|0x00000000fc500000, 0x00000000fc5fbf80, 0x00000000fc600000| 98%| O|  |TAMS 0x00000000fc500000| PB 0x00000000fc500000| Untracked 
|   6|0x00000000fc600000, 0x00000000fc600000, 0x00000000fc700000|  0%| F|  |TAMS 0x00000000fc600000| PB 0x00000000fc600000| Untracked 
|   7|0x00000000fc700000, 0x00000000fc700000, 0x00000000fc800000|  0%| F|  |TAMS 0x00000000fc700000| PB 0x00000000fc700000| Untracked 
|   8|0x00000000fc800000, 0x00000000fc800000, 0x00000000fc900000|  0%| F|  |TAMS 0x00000000fc800000| PB 0x00000000fc800000| Untracked 
|   9|0x00000000fc900000, 0x00000000fc900000, 0x00000000fca00000|  0%| F|  |TAMS 0x00000000fc900000| PB 0x00000000fc900000| Untracked 
|  10|0x00000000fca00000, 0x00000000fca00000, 0x00000000fcb00000|  0%| F|  |TAMS 0x00000000fca00000| PB 0x00000000fca00000| Untracked 
|  11|0x00000000fcb00000, 0x00000000fcb00000, 0x00000000fcc00000|  0%| F|  |TAMS 0x00000000fcb00000| PB 0x00000000fcb00000| Untracked 
|  12|0x00000000fcc00000, 0x00000000fcc00000, 0x00000000fcd00000|  0%| F|  |TAMS 0x00000000fcc00000| PB 0x00000000fcc00000| Untracked 
|  13|0x00000000fcd00000, 0x00000000fcd00000, 0x00000000fce00000|  0%| F|  |TAMS 0x00000000fcd00000| PB 0x00000000fcd00000| Untracked 
|  14|0x00000000fce00000, 0x00000000fce00000, 0x00000000fcf00000|  0%| F|  |TAMS 0x00000000fce00000| PB 0x00000000fce00000| Untracked 
|  15|0x00000000fcf00000, 0x00000000fcf00000, 0x00000000fd000000|  0%| F|  |TAMS 0x00000000fcf00000| PB 0x00000000fcf00000| Untracked 
|  16|0x00000000fd000000, 0x00000000fd000000, 0x00000000fd100000|  0%| F|  |TAMS 0x00000000fd000000| PB 0x00000000fd000000| Untracked 
|  17|0x00000000fd100000, 0x00000000fd100000, 0x00000000fd200000|  0%| F|  |TAMS 0x00000000fd100000| PB 0x00000000fd100000| Untracked 
|  18|0x00000000fd200000, 0x00000000fd200000, 0x00000000fd300000|  0%| F|  |TAMS 0x00000000fd200000| PB 0x00000000fd200000| Untracked 
|  19|0x00000000fd300000, 0x00000000fd300000, 0x00000000fd400000|  0%| F|  |TAMS 0x00000000fd300000| PB 0x00000000fd300000| Untracked 
|  20|0x00000000fd400000, 0x00000000fd400000, 0x00000000fd500000|  0%| F|  |TAMS 0x00000000fd400000| PB 0x00000000fd400000| Untracked 
|  21|0x00000000fd500000, 0x00000000fd500000, 0x00000000fd600000|  0%| F|  |TAMS 0x00000000fd500000| PB 0x00000000fd500000| Untracked 
|  22|0x00000000fd600000, 0x00000000fd600000, 0x00000000fd700000|  0%| F|  |TAMS 0x00000000fd600000| PB 0x00000000fd600000| Untracked 
|  23|0x00000000fd700000, 0x00000000fd700000, 0x00000000fd800000|  0%| F|  |TAMS 0x00000000fd700000| PB 0x00000000fd700000| Untracked 
|  24|0x00000000fd800000, 0x00000000fd900000, 0x00000000fd900000|100%| S|CS|TAMS 0x00000000fd800000| PB 0x00000000fd800000| Complete 
|  25|0x00000000fd900000, 0x00000000fda00000, 0x00000000fda00000|100%| S|CS|TAMS 0x00000000fd900000| PB 0x00000000fd900000| Complete 
|  26|0x00000000fda00000, 0x00000000fdb00000, 0x00000000fdb00000|100%| S|CS|TAMS 0x00000000fda00000| PB 0x00000000fda00000| Complete 
|  27|0x00000000fdb00000, 0x00000000fdc00000, 0x00000000fdc00000|100%| S|CS|TAMS 0x00000000fdb00000| PB 0x00000000fdb00000| Complete 
|  28|0x00000000fdc00000, 0x00000000fdd00000, 0x00000000fdd00000|100%| S|CS|TAMS 0x00000000fdc00000| PB 0x00000000fdc00000| Complete 
|  29|0x00000000fdd00000, 0x00000000fdd00000, 0x00000000fde00000|  0%| F|  |TAMS 0x00000000fdd00000| PB 0x00000000fdd00000| Untracked 
|  30|0x00000000fde00000, 0x00000000fde00000, 0x00000000fdf00000|  0%| F|  |TAMS 0x00000000fde00000| PB 0x00000000fde00000| Untracked 
|  31|0x00000000fdf00000, 0x00000000fdf00000, 0x00000000fe000000|  0%| F|  |TAMS 0x00000000fdf00000| PB 0x00000000fdf00000| Untracked 
|  32|0x00000000fe000000, 0x00000000fe000000, 0x00000000fe100000|  0%| F|  |TAMS 0x00000000fe000000| PB 0x00000000fe000000| Untracked 
|  33|0x00000000fe100000, 0x00000000fe100000, 0x00000000fe200000|  0%| F|  |TAMS 0x00000000fe100000| PB 0x00000000fe100000| Untracked 
|  34|0x00000000fe200000, 0x00000000fe200000, 0x00000000fe300000|  0%| F|  |TAMS 0x00000000fe200000| PB 0x00000000fe200000| Untracked 
|  35|0x00000000fe300000, 0x00000000fe300000, 0x00000000fe400000|  0%| F|  |TAMS 0x00000000fe300000| PB 0x00000000fe300000| Untracked 
|  36|0x00000000fe400000, 0x00000000fe400000, 0x00000000fe500000|  0%| F|  |TAMS 0x00000000fe400000| PB 0x00000000fe400000| Untracked 
|  37|0x00000000fe500000, 0x00000000fe500000, 0x00000000fe600000|  0%| F|  |TAMS 0x00000000fe500000| PB 0x00000000fe500000| Untracked 
|  38|0x00000000fe600000, 0x00000000fe600000, 0x00000000fe700000|  0%| F|  |TAMS 0x00000000fe600000| PB 0x00000000fe600000| Untracked 
|  39|0x00000000fe700000, 0x00000000fe700000, 0x00000000fe800000|  0%| F|  |TAMS 0x00000000fe700000| PB 0x00000000fe700000| Untracked 
|  40|0x00000000fe800000, 0x00000000fe800000, 0x00000000fe900000|  0%| F|  |TAMS 0x00000000fe800000| PB 0x00000000fe800000| Untracked 
|  41|0x00000000fe900000, 0x00000000fe900000, 0x00000000fea00000|  0%| F|  |TAMS 0x00000000fe900000| PB 0x00000000fe900000| Untracked 
|  42|0x00000000fea00000, 0x00000000fea00000, 0x00000000feb00000|  0%| F|  |TAMS 0x00000000fea00000| PB 0x00000000fea00000| Untracked 
|  43|0x00000000feb00000, 0x00000000feb00000, 0x00000000fec00000|  0%| F|  |TAMS 0x00000000feb00000| PB 0x00000000feb00000| Untracked 
|  44|0x00000000fec00000, 0x00000000fec00000, 0x00000000fed00000|  0%| F|  |TAMS 0x00000000fec00000| PB 0x00000000fec00000| Untracked 
|  45|0x00000000fed00000, 0x00000000fed00000, 0x00000000fee00000|  0%| F|  |TAMS 0x00000000fed00000| PB 0x00000000fed00000| Untracked 
|  46|0x00000000fee00000, 0x00000000fee00000, 0x00000000fef00000|  0%| F|  |TAMS 0x00000000fee00000| PB 0x00000000fee00000| Untracked 
|  47|0x00000000fef00000, 0x00000000fef00000, 0x00000000ff000000|  0%| F|  |TAMS 0x00000000fef00000| PB 0x00000000fef00000| Untracked 
|  48|0x00000000ff000000, 0x00000000ff000000, 0x00000000ff100000|  0%| F|  |TAMS 0x00000000ff000000| PB 0x00000000ff000000| Untracked 
|  49|0x00000000ff100000, 0x00000000ff100000, 0x00000000ff200000|  0%| F|  |TAMS 0x00000000ff100000| PB 0x00000000ff100000| Untracked 
|  50|0x00000000ff200000, 0x00000000ff200000, 0x00000000ff300000|  0%| F|  |TAMS 0x00000000ff200000| PB 0x00000000ff200000| Untracked 
|  51|0x00000000ff300000, 0x00000000ff300000, 0x00000000ff400000|  0%| F|  |TAMS 0x00000000ff300000| PB 0x00000000ff300000| Untracked 
|  52|0x00000000ff400000, 0x00000000ff400000, 0x00000000ff500000|  0%| F|  |TAMS 0x00000000ff400000| PB 0x00000000ff400000| Untracked 
|  53|0x00000000ff500000, 0x00000000ff500000, 0x00000000ff600000|  0%| F|  |TAMS 0x00000000ff500000| PB 0x00000000ff500000| Untracked 
|  54|0x00000000ff600000, 0x00000000ff651ab0, 0x00000000ff700000| 31%| E|  |TAMS 0x00000000ff600000| PB 0x00000000ff600000| Complete 
|  55|0x00000000ff700000, 0x00000000ff800000, 0x00000000ff800000|100%| E|CS|TAMS 0x00000000ff700000| PB 0x00000000ff700000| Complete 
|  56|0x00000000ff800000, 0x00000000ff900000, 0x00000000ff900000|100%| E|CS|TAMS 0x00000000ff800000| PB 0x00000000ff800000| Complete 
|  57|0x00000000ff900000, 0x00000000ffa00000, 0x00000000ffa00000|100%| E|CS|TAMS 0x00000000ff900000| PB 0x00000000ff900000| Complete 
|  58|0x00000000ffa00000, 0x00000000ffb00000, 0x00000000ffb00000|100%| E|CS|TAMS 0x00000000ffa00000| PB 0x00000000ffa00000| Complete 
|  59|0x00000000ffb00000, 0x00000000ffc00000, 0x00000000ffc00000|100%| E|CS|TAMS 0x00000000ffb00000| PB 0x00000000ffb00000| Complete 
|  60|0x00000000ffc00000, 0x00000000ffd00000, 0x00000000ffd00000|100%| E|CS|TAMS 0x00000000ffc00000| PB 0x00000000ffc00000| Complete 
|  61|0x00000000ffd00000, 0x00000000ffe00000, 0x00000000ffe00000|100%| E|CS|TAMS 0x00000000ffd00000| PB 0x00000000ffd00000| Complete 
|  62|0x00000000ffe00000, 0x00000000fff00000, 0x00000000fff00000|100%| E|CS|TAMS 0x00000000ffe00000| PB 0x00000000ffe00000| Complete 
|  63|0x00000000fff00000, 0x0000000100000000, 0x0000000100000000|100%| E|CS|TAMS 0x00000000fff00000| PB 0x00000000fff00000| Complete 

Card table byte_map: [0x000001e7d9310000,0x000001e7d9330000] _byte_map_base: 0x000001e7d8b30000

Marking Bits: (CMBitMap*) 0x000001e7daba77d0
 Bits: [0x000001e7f2d20000, 0x000001e7f2e20000)

Polling page: 0x000001e7d92c0000

Metaspace:

Usage:
  Non-class:      8.33 MB used.
      Class:      1.26 MB used.
       Both:      9.60 MB used.

Virtual space:
  Non-class space:       64.00 MB reserved,       8.56 MB ( 13%) committed,  1 nodes.
      Class space:        1.00 GB reserved,       1.44 MB ( <1%) committed,  1 nodes.
             Both:        1.06 GB reserved,      10.00 MB ( <1%) committed. 

Chunk freelists:
   Non-Class:  7.36 MB
       Class:  14.45 MB
        Both:  21.81 MB

MaxMetaspaceSize: unlimited
CompressedClassSpaceSize: 1.00 GB
Initial GC threshold: 21.00 MB
Current GC threshold: 21.00 MB
CDS: on
 - commit_granule_bytes: 65536.
 - commit_granule_words: 8192.
 - virtual_space_node_default_size: 8388608.
 - enlarge_chunks_in_place: 1.
 - use_allocation_guard: 0.


Internal statistics:

num_allocs_failed_limit: 0.
num_arena_births: 324.
num_arena_deaths: 0.
num_vsnodes_births: 2.
num_vsnodes_deaths: 0.
num_space_committed: 160.
num_space_uncommitted: 0.
num_chunks_returned_to_freelist: 0.
num_chunks_taken_from_freelist: 635.
num_chunk_merges: 0.
num_chunk_splits: 404.
num_chunks_enlarged: 272.
num_inconsistent_stats: 0.

CodeHeap 'non-profiled nmethods': size=120000Kb used=946Kb max_used=946Kb free=119053Kb
 bounds [0x000001e7eab70000, 0x000001e7eade0000, 0x000001e7f20a0000]
CodeHeap 'profiled nmethods': size=120000Kb used=4078Kb max_used=4078Kb free=115921Kb
 bounds [0x000001e7e30a0000, 0x000001e7e34a0000, 0x000001e7ea5d0000]
CodeHeap 'non-nmethods': size=5760Kb used=1402Kb max_used=1425Kb free=4357Kb
 bounds [0x000001e7ea5d0000, 0x000001e7ea840000, 0x000001e7eab70000]
 total_blobs=2682 nmethods=2183 adapters=404
 compilation: enabled
              stopped_count=0, restarted_count=0
 full_count=0

Compilation events (20 events):
Event: 400.375 Thread 0x000001e7f5a564a0 nmethod 2173 0x000001e7eac55510 code [0x000001e7eac556a0, 0x000001e7eac55a30]
Event: 411.371 Thread 0x000001e7f5a564a0 2174       4       java.lang.ThreadLocal::get (35 bytes)
Event: 411.378 Thread 0x000001e7f5a564a0 nmethod 2174 0x000001e7eac55b10 code [0x000001e7eac55cc0, 0x000001e7eac55e68]
Event: 418.084 Thread 0x000001e7f5a564a0 2175       4       org.gradle.internal.logging.events.StyledTextOutputEvent$Span::equals (63 bytes)
Event: 418.086 Thread 0x000001e7f5a564a0 nmethod 2175 0x000001e7eac56010 code [0x000001e7eac561c0, 0x000001e7eac56468]
Event: 425.075 Thread 0x000001e7f5a564a0 2177       4       java.lang.Integer::valueOf (32 bytes)
Event: 425.080 Thread 0x000001e7f5a564a0 nmethod 2177 0x000001e7eac56a10 code [0x000001e7eac56ba0, 0x000001e7eac56c90]
Event: 435.084 Thread 0x000001e7f5a564a0 2178   !   4       net.rubygrapefruit.platform.internal.WindowsTerminal::getTerminalSize (84 bytes)
Event: 435.097 Thread 0x000001e7f5a564a0 nmethod 2178 0x000001e7eac56d10 code [0x000001e7eac56ec0, 0x000001e7eac57350]
Event: 445.785 Thread 0x000001e7f5a564a0 2179       4       org.gradle.internal.logging.console.MultiLineBuildProgressArea::redraw (203 bytes)
Event: 445.855 Thread 0x000001e7f5a564a0 nmethod 2179 0x000001e7eac57590 code [0x000001e7eac578e0, 0x000001e7eac58ac8]
Event: 466.571 Thread 0x000001e7f5a564a0 2181   !   4       org.gradle.internal.logging.console.ThrottlingOutputEventListener::onOutput (85 bytes)
Event: 466.614 Thread 0x000001e7f5a564a0 nmethod 2181 0x000001e7eac59d90 code [0x000001e7eac5a000, 0x000001e7eac5ac60]
Event: 466.615 Thread 0x000001e7f5a564a0 2182       4       java.util.ArrayList::remove (26 bytes)
Event: 466.620 Thread 0x000001e7f5a564a0 nmethod 2182 0x000001e7eac5b390 code [0x000001e7eac5b520, 0x000001e7eac5b7a0]
Event: 474.673 Thread 0x000001e7f5a564a0 2183       4       com.google.common.collect.AbstractIterator::hasNext (61 bytes)
Event: 474.725 Thread 0x000001e7f5a564a0 nmethod 2183 0x000001e7eac5b990 code [0x000001e7eac5bb80, 0x000001e7eac5c498]
Event: 475.473 Thread 0x000001e7f5a564a0 2184       4       java.util.concurrent.TimeUnit::toMillis (69 bytes)
Event: 475.477 Thread 0x000001e7f5a564a0 nmethod 2184 0x000001e7eac5c790 code [0x000001e7eac5c920, 0x000001e7eac5ca38]
Event: 481.580 Thread 0x000001e7f5a564a0 2185       4       org.gradle.internal.logging.console.BuildStatusRenderer::onOutput (350 bytes)

GC Heap History (4 events):
Event: 0.709 GC heap before
{Heap before GC invocations=0 (full 0):
 garbage-first heap   total 65536K, used 22528K [0x00000000fc000000, 0x0000000100000000)
  region size 1024K, 23 young (23552K), 0 survivors (0K)
 Metaspace       used 1568K, committed 1728K, reserved 1114112K
  class space    used 145K, committed 256K, reserved 1048576K
}
Event: 0.718 GC heap after
{Heap after GC invocations=1 (full 0):
 garbage-first heap   total 65536K, used 1824K [0x00000000fc000000, 0x0000000100000000)
  region size 1024K, 2 young (2048K), 2 survivors (2048K)
 Metaspace       used 1568K, committed 1728K, reserved 1114112K
  class space    used 145K, committed 256K, reserved 1048576K
}
Event: 2.484 GC heap before
{Heap before GC invocations=1 (full 0):
 garbage-first heap   total 65536K, used 37664K [0x00000000fc000000, 0x0000000100000000)
  region size 1024K, 35 young (35840K), 2 survivors (2048K)
 Metaspace       used 8482K, committed 8832K, reserved 1114112K
  class space    used 1167K, committed 1344K, reserved 1048576K
}
Event: 2.494 GC heap after
{Heap after GC invocations=2 (full 0):
 garbage-first heap   total 65536K, used 11247K [0x00000000fc000000, 0x0000000100000000)
  region size 1024K, 5 young (5120K), 5 survivors (5120K)
 Metaspace       used 8482K, committed 8832K, reserved 1114112K
  class space    used 1167K, committed 1344K, reserved 1048576K
}

Dll operation events (13 events):
Event: 0.017 Loaded shared library C:\Program Files\Java\jdk-21\bin\java.dll
Event: 0.058 Loaded shared library C:\Program Files\Java\jdk-21\bin\jsvml.dll
Event: 0.083 Loaded shared library C:\Program Files\Java\jdk-21\bin\net.dll
Event: 0.086 Loaded shared library C:\Program Files\Java\jdk-21\bin\nio.dll
Event: 0.090 Loaded shared library C:\Program Files\Java\jdk-21\bin\zip.dll
Event: 0.097 Loaded shared library C:\Program Files\Java\jdk-21\bin\verify.dll
Event: 0.726 Loaded shared library C:\Program Files\Java\jdk-21\bin\jimage.dll
Event: 1.550 Loaded shared library C:\Program Files\Java\jdk-21\bin\management.dll
Event: 1.560 Loaded shared library C:\Program Files\Java\jdk-21\bin\management_ext.dll
Event: 1.664 Loaded shared library C:\Users\ADMIN\.gradle\native\1def1411415f61bf3af743bc5b6707747c0891f09f0c88961ee8f79bc544acac\windows-amd64\native-platform.dll
Event: 1.741 Loaded shared library C:\Users\ADMIN\.gradle\native\jansi\1.18\windows64\jansi.dll
Event: 2.039 Loaded shared library C:\Program Files\Java\jdk-21\bin\extnet.dll
Event: 2.572 Loaded shared library C:\Program Files\Java\jdk-21\bin\sunmscapi.dll

Deoptimization events (20 events):
Event: 2.532 Thread 0x000001e7d912eba0 DEOPT PACKING pc=0x000001e7eabeb1ec sp=0x000000b480ffb6c0
Event: 2.532 Thread 0x000001e7d912eba0 DEOPT UNPACKING pc=0x000001e7ea6246a2 sp=0x000000b480ffb5e8 mode 2
Event: 2.585 Thread 0x000001e7f5a3d610 Uncommon trap: trap_request=0xffffffde fr.pc=0x000001e7eabaf424 relative=0x0000000000000084
Event: 2.586 Thread 0x000001e7f5a3d610 Uncommon trap: reason=class_check action=maybe_recompile pc=0x000001e7eabaf424 method=java.util.AbstractList$Itr.hasNext()Z @ 8 c2
Event: 2.586 Thread 0x000001e7f5a3d610 DEOPT PACKING pc=0x000001e7eabaf424 sp=0x000000b4822fee20
Event: 2.586 Thread 0x000001e7f5a3d610 DEOPT UNPACKING pc=0x000001e7ea6246a2 sp=0x000000b4822fedb8 mode 2
Event: 2.586 Thread 0x000001e7f5a3d610 Uncommon trap: trap_request=0xffffffde fr.pc=0x000001e7eabaf424 relative=0x0000000000000084
Event: 2.586 Thread 0x000001e7f5a3d610 Uncommon trap: reason=class_check action=maybe_recompile pc=0x000001e7eabaf424 method=java.util.AbstractList$Itr.hasNext()Z @ 8 c2
Event: 2.586 Thread 0x000001e7f5a3d610 DEOPT PACKING pc=0x000001e7eabaf424 sp=0x000000b4822fee20
Event: 2.586 Thread 0x000001e7f5a3d610 DEOPT UNPACKING pc=0x000001e7ea6246a2 sp=0x000000b4822fedb8 mode 2
Event: 2.586 Thread 0x000001e7f5a3d610 Uncommon trap: trap_request=0xffffffde fr.pc=0x000001e7eabaf7f4 relative=0x00000000000000d4
Event: 2.586 Thread 0x000001e7f5a3d610 Uncommon trap: reason=class_check action=maybe_recompile pc=0x000001e7eabaf7f4 method=java.util.AbstractList$Itr.next()Ljava/lang/Object; @ 14 c2
Event: 2.586 Thread 0x000001e7f5a3d610 DEOPT PACKING pc=0x000001e7eabaf7f4 sp=0x000000b4822fee10
Event: 2.586 Thread 0x000001e7f5a3d610 DEOPT UNPACKING pc=0x000001e7ea6246a2 sp=0x000000b4822feda8 mode 2
Event: 2.586 Thread 0x000001e7f5a3d610 Uncommon trap: trap_request=0xffffffde fr.pc=0x000001e7eabaf7f4 relative=0x00000000000000d4
Event: 2.586 Thread 0x000001e7f5a3d610 Uncommon trap: reason=class_check action=maybe_recompile pc=0x000001e7eabaf7f4 method=java.util.AbstractList$Itr.next()Ljava/lang/Object; @ 14 c2
Event: 2.586 Thread 0x000001e7f5a3d610 DEOPT PACKING pc=0x000001e7eabaf7f4 sp=0x000000b4822fee10
Event: 2.586 Thread 0x000001e7f5a3d610 DEOPT UNPACKING pc=0x000001e7ea6246a2 sp=0x000000b4822feda8 mode 2
Event: 189.092 Thread 0x000001e7f5a3d610 DEOPT PACKING pc=0x000001e7e3367072 sp=0x000000b4822feb40
Event: 189.094 Thread 0x000001e7f5a3d610 DEOPT UNPACKING pc=0x000001e7ea624e42 sp=0x000000b4822fe000 mode 0

Classes loaded (20 events):
Event: 2.605 Loading class java/nio/channels/spi/AbstractSelectionKey done
Event: 2.605 Loading class sun/nio/ch/SelectionKeyImpl done
Event: 2.606 Loading class java/lang/invoke/ConstantBootstraps
Event: 2.606 Loading class java/lang/invoke/ConstantBootstraps done
Event: 2.632 Loading class jdk/internal/foreign/MemorySessionImpl
Event: 2.633 Loading class java/lang/foreign/MemorySegment$Scope
Event: 2.633 Loading class java/lang/foreign/MemorySegment$Scope done
Event: 2.633 Loading class jdk/internal/foreign/MemorySessionImpl done
Event: 2.641 Loading class java/nio/channels/spi/AbstractSelector$1
Event: 2.641 Loading class java/nio/channels/spi/AbstractSelector$1 done
Event: 2.746 Loading class java/util/concurrent/Executors$AutoShutdownDelegatedExecutorService
Event: 2.747 Loading class java/util/concurrent/Executors$AutoShutdownDelegatedExecutorService done
Event: 2.748 Loading class java/io/BufferedReader
Event: 2.748 Loading class java/io/BufferedReader done
Event: 2.748 Loading class sun/nio/cs/StreamDecoder
Event: 2.749 Loading class sun/nio/cs/StreamDecoder done
Event: 2.749 Loading class sun/nio/cs/UTF_8$Decoder
Event: 2.749 Loading class sun/nio/cs/UTF_8$Decoder done
Event: 6.859 Loading class java/lang/invoke/MethodHandle$1
Event: 6.859 Loading class java/lang/invoke/MethodHandle$1 done

Classes unloaded (0 events):
No events

Classes redefined (0 events):
No events

Internal exceptions (20 events):
Event: 2.189 Thread 0x000001e7d912eba0 Exception <a 'java/lang/NoSuchMethodError'{0x00000000fe2657a8}: 'java.lang.Object java.lang.invoke.DirectMethodHandle$Holder.invokeStatic(java.lang.Object, java.lang.Object, java.lang.Object, java.lang.Object, java.lang.Object, java.lang.Object, java.lang.Object, java.lang.Object, java.lang.Object, java.lang.Object, java.lang.Object, java.lang.Object, java.lang.Object, java.lang.Object, java.lang.Object, java.lang.Object)'> (0x00000000fe2657a8) 
thrown [s\open\src\hotspot\share\interpreter\linkResolver.cpp
Event: 2.191 Thread 0x000001e7d912eba0 Exception <a 'java/lang/NoSuchMethodError'{0x00000000fe28b848}: 'java.lang.Object java.lang.invoke.DirectMethodHandle$Holder.invokeStatic(java.lang.Object, java.lang.Object, java.lang.Object, java.lang.Object, java.lang.Object, java.lang.Object, java.lang.Object, java.lang.Object, java.lang.Object, java.lang.Object, java.lang.Object, java.lang.Object, java.lang.Object, java.lang.Object, java.lang.Object, java.lang.Object, java.lang.Object)'> (0x00000000fe28b848) 
thrown [s\open\src\hotspot\share\interprete
Event: 2.195 Thread 0x000001e7d912eba0 Exception <a 'java/lang/NoSuchMethodError'{0x00000000fe2b28a8}: 'java.lang.Object java.lang.invoke.DirectMethodHandle$Holder.invokeStatic(java.lang.Object, java.lang.Object, java.lang.Object, java.lang.Object, java.lang.Object, java.lang.Object, java.lang.Object, java.lang.Object, java.lang.Object, java.lang.Object, java.lang.Object, java.lang.Object, java.lang.Object, java.lang.Object, java.lang.Object, java.lang.Object, java.lang.Object, java.lang.Object)'> (0x00000000fe2b28a8) 
thrown [s\open\src\hotspo
Event: 2.201 Thread 0x000001e7d912eba0 Exception <a 'java/lang/NoSuchMethodError'{0x00000000fe2daf08}: 'java.lang.Object java.lang.invoke.DirectMethodHandle$Holder.invokeStatic(java.lang.Object, java.lang.Object, java.lang.Object, java.lang.Object, java.lang.Object, java.lang.Object, java.lang.Object, java.lang.Object, java.lang.Object, java.lang.Object, java.lang.Object, java.lang.Object, java.lang.Object, java.lang.Object, java.lang.Object, java.lang.Object, java.lang.Object, java.lang.Object, java.lang.Object)'> (0x00000000fe2daf08) 
thrown 
Event: 2.206 Thread 0x000001e7d912eba0 Exception <a 'java/lang/NoSuchMethodError'{0x00000000fe105a78}: 'java.lang.Object java.lang.invoke.DirectMethodHandle$Holder.invokeStatic(java.lang.Object, java.lang.Object, java.lang.Object, java.lang.Object, java.lang.Object, java.lang.Object, java.lang.Object, java.lang.Object, java.lang.Object, java.lang.Object, java.lang.Object, java.lang.Object, java.lang.Object, java.lang.Object, java.lang.Object, java.lang.Object, java.lang.Object, java.lang.Object, java.lang.Object, java.lang.Object)'> (0x00000000
Event: 2.209 Thread 0x000001e7d912eba0 Exception <a 'java/lang/NoSuchMethodError'{0x00000000fe130090}: 'java.lang.Object java.lang.invoke.DirectMethodHandle$Holder.invokeStatic(java.lang.Object, java.lang.Object, java.lang.Object, java.lang.Object, java.lang.Object, java.lang.Object, java.lang.Object, java.lang.Object, java.lang.Object, java.lang.Object, java.lang.Object, java.lang.Object, java.lang.Object, java.lang.Object, java.lang.Object, java.lang.Object, java.lang.Object, java.lang.Object, java.lang.Object, java.lang.Object, java.lang.Obj
Event: 2.215 Thread 0x000001e7d912eba0 Exception <a 'java/lang/NoSuchMethodError'{0x00000000fe15b0c0}: 'java.lang.Object java.lang.invoke.DirectMethodHandle$Holder.invokeStatic(java.lang.Object, java.lang.Object, java.lang.Object, java.lang.Object, java.lang.Object, java.lang.Object, java.lang.Object, java.lang.Object, java.lang.Object, java.lang.Object, java.lang.Object, java.lang.Object, java.lang.Object, java.lang.Object, java.lang.Object, java.lang.Object, java.lang.Object, java.lang.Object, java.lang.Object, java.lang.Object, java.lang.Obj
Event: 2.219 Thread 0x000001e7d912eba0 Exception <a 'java/lang/NoSuchMethodError'{0x00000000fe187138}: 'java.lang.Object java.lang.invoke.DirectMethodHandle$Holder.invokeStatic(java.lang.Object, java.lang.Object, java.lang.Object, java.lang.Object, java.lang.Object, java.lang.Object, java.lang.Object, java.lang.Object, java.lang.Object, java.lang.Object, java.lang.Object, java.lang.Object, java.lang.Object, java.lang.Object, java.lang.Object, java.lang.Object, java.lang.Object, java.lang.Object, java.lang.Object, java.lang.Object, java.lang.Obj
Event: 2.221 Thread 0x000001e7d912eba0 Exception <a 'java/lang/NoSuchMethodError'{0x00000000fe1b3918}: 'java.lang.Object java.lang.invoke.DirectMethodHandle$Holder.invokeStatic(java.lang.Object, java.lang.Object, java.lang.Object, java.lang.Object, java.lang.Object, java.lang.Object, java.lang.Object, java.lang.Object, java.lang.Object, java.lang.Object, java.lang.Object, java.lang.Object, java.lang.Object, java.lang.Object, java.lang.Object, java.lang.Object, java.lang.Object, java.lang.Object, java.lang.Object, java.lang.Object, java.lang.Obj
Event: 2.225 Thread 0x000001e7d912eba0 Exception <a 'java/lang/NoSuchMethodError'{0x00000000fe1e1d88}: 'java.lang.Object java.lang.invoke.DirectMethodHandle$Holder.invokeStatic(java.lang.Object, java.lang.Object, java.lang.Object, java.lang.Object, java.lang.Object, java.lang.Object, java.lang.Object, java.lang.Object, java.lang.Object, java.lang.Object, java.lang.Object, java.lang.Object, java.lang.Object, java.lang.Object, java.lang.Object, java.lang.Object, java.lang.Object, java.lang.Object, java.lang.Object, java.lang.Object, java.lang.Obj
Event: 2.234 Thread 0x000001e7d912eba0 Exception <a 'java/lang/NoSuchMethodError'{0x00000000fe006398}: 'java.lang.Object java.lang.invoke.DirectMethodHandle$Holder.invokeSpecial(java.lang.Object, java.lang.Object, java.lang.Object, java.lang.Object, java.lang.Object, java.lang.Object, java.lang.Object, java.lang.Object, java.lang.Object, java.lang.Object, java.lang.Object, java.lang.Object, java.lang.Object, java.lang.Object, java.lang.Object, java.lang.Object, java.lang.Object, java.lang.Object, java.lang.Object, java.lang.Object, java.lang.Ob
Event: 2.238 Thread 0x000001e7d912eba0 Exception <a 'java/lang/NoSuchMethodError'{0x00000000fe01bcd0}: 'java.lang.Object java.lang.invoke.DirectMethodHandle$Holder.newInvokeSpecial(java.lang.Object, java.lang.Object, java.lang.Object, java.lang.Object, java.lang.Object, java.lang.Object, java.lang.Object, java.lang.Object, java.lang.Object, java.lang.Object, java.lang.Object, java.lang.Object, java.lang.Object, java.lang.Object, java.lang.Object, java.lang.Object, java.lang.Object, java.lang.Object, java.lang.Object, java.lang.Object, java.lang
Event: 2.240 Thread 0x000001e7d912eba0 Exception <a 'java/lang/NoSuchMethodError'{0x00000000fe021e68}: 'java.lang.Object java.lang.invoke.Invokers$Holder.linkToTargetMethod(java.lang.Object, java.lang.Object, java.lang.Object, java.lang.Object, java.lang.Object, java.lang.Object, java.lang.Object, java.lang.Object, java.lang.Object, java.lang.Object, java.lang.Object, java.lang.Object, java.lang.Object, java.lang.Object, java.lang.Object, java.lang.Object, java.lang.Object, java.lang.Object, java.lang.Object, java.lang.Object, java.lang.Object,
Event: 2.242 Thread 0x000001e7d912eba0 Exception <a 'java/lang/NoSuchMethodError'{0x00000000fe026e68}: 'java.lang.Object java.lang.invoke.DirectMethodHandle$Holder.invokeVirtual(java.lang.Object, java.lang.Object, java.lang.Object, java.lang.Object, java.lang.Object, java.lang.Object, java.lang.Object, java.lang.Object, java.lang.Object, java.lang.Object)'> (0x00000000fe026e68) 
thrown [s\open\src\hotspot\share\interpreter\linkResolver.cpp, line 773]
Event: 2.307 Thread 0x000001e7d912eba0 Exception <a 'java/lang/NoSuchMethodError'{0x00000000fdf1c3c0}: 'java.lang.Object java.lang.invoke.DirectMethodHandle$Holder.invokeVirtual(java.lang.Object, java.lang.Object, java.lang.Object, java.lang.Object, java.lang.Object, java.lang.Object, java.lang.Object, java.lang.Object, java.lang.Object)'> (0x00000000fdf1c3c0) 
thrown [s\open\src\hotspot\share\interpreter\linkResolver.cpp, line 773]
Event: 2.368 Thread 0x000001e7d912eba0 Exception <a 'java/lang/NoSuchMethodError'{0x00000000fde31290}: 'java.lang.Object java.lang.invoke.DirectMethodHandle$Holder.invokeVirtual(java.lang.Object, java.lang.Object, java.lang.Object, java.lang.Object, java.lang.Object, java.lang.Object, java.lang.Object, java.lang.Object)'> (0x00000000fde31290) 
thrown [s\open\src\hotspot\share\interpreter\linkResolver.cpp, line 773]
Event: 2.408 Thread 0x000001e7d912eba0 Exception <a 'java/lang/NoSuchMethodError'{0x00000000fdebdc78}: 'java.lang.Object java.lang.invoke.DirectMethodHandle$Holder.invokeStaticInit(java.lang.Object, int, int, int, int)'> (0x00000000fdebdc78) 
thrown [s\open\src\hotspot\share\interpreter\linkResolver.cpp, line 773]
Event: 2.441 Thread 0x000001e7d912eba0 Exception <a 'java/lang/NoSuchMethodError'{0x00000000fded3bc0}: 'java.lang.Object java.lang.invoke.DirectMethodHandle$Holder.invokeStaticInit(java.lang.Object, java.lang.Object, int, int, int, int)'> (0x00000000fded3bc0) 
thrown [s\open\src\hotspot\share\interpreter\linkResolver.cpp, line 773]
Event: 2.468 Thread 0x000001e7d912eba0 Implicit null exception at 0x000001e7eabbb024 to 0x000001e7eabbb688
Event: 2.473 Thread 0x000001e7d912eba0 Exception <a 'java/lang/NoSuchMethodError'{0x00000000fdda8ed0}: 'void java.lang.invoke.DirectMethodHandle$Holder.invokeInterface(java.lang.Object, java.lang.Object, java.lang.Object)'> (0x00000000fdda8ed0) 
thrown [s\open\src\hotspot\share\interpreter\linkResolver.cpp, line 773]

ZGC Phase Switch (0 events):
No events

VM Operations (20 events):
Event: 264.037 Executing VM operation: Cleanup
Event: 264.037 Executing VM operation: Cleanup done
Event: 267.066 Executing VM operation: Cleanup
Event: 267.066 Executing VM operation: Cleanup done
Event: 276.144 Executing VM operation: Cleanup
Event: 276.144 Executing VM operation: Cleanup done
Event: 324.622 Executing VM operation: Cleanup
Event: 324.622 Executing VM operation: Cleanup done
Event: 365.050 Executing VM operation: Cleanup
Event: 365.050 Executing VM operation: Cleanup done
Event: 378.176 Executing VM operation: Cleanup
Event: 378.176 Executing VM operation: Cleanup done
Event: 418.566 Executing VM operation: Cleanup
Event: 418.566 Executing VM operation: Cleanup done
Event: 419.578 Executing VM operation: Cleanup
Event: 419.578 Executing VM operation: Cleanup done
Event: 446.859 Executing VM operation: Cleanup
Event: 446.859 Executing VM operation: Cleanup done
Event: 475.171 Executing VM operation: Cleanup
Event: 475.172 Executing VM operation: Cleanup done

Events (16 events):
Event: 0.035 Thread 0x000001e7d912eba0 Thread added: 0x000001e7d912eba0
Event: 0.054 Thread 0x000001e7f5a345f0 Thread added: 0x000001e7f5a345f0
Event: 0.054 Thread 0x000001e7f5a34e60 Thread added: 0x000001e7f5a34e60
Event: 0.054 Thread 0x000001e7f5a376e0 Thread added: 0x000001e7f5a376e0
Event: 0.055 Thread 0x000001e7f5a39e90 Thread added: 0x000001e7f5a39e90
Event: 0.055 Thread 0x000001e7f5a3e9c0 Thread added: 0x000001e7f5a3e9c0
Event: 0.055 Thread 0x000001e7f5a3dca0 Thread added: 0x000001e7f5a3dca0
Event: 0.055 Thread 0x000001e7f5a564a0 Thread added: 0x000001e7f5a564a0
Event: 0.055 Thread 0x000001e7f5a56b50 Thread added: 0x000001e7f5a56b50
Event: 0.073 Thread 0x000001e7f5a3c8f0 Thread added: 0x000001e7f5a3c8f0
Event: 0.076 Thread 0x000001e7f5a3cf80 Thread added: 0x000001e7f5a3cf80
Event: 0.601 Thread 0x000001e7f5e54280 Thread added: 0x000001e7f5e54280
Event: 0.706 Thread 0x000001e7f5e4fab0 Thread added: 0x000001e7f5e4fab0
Event: 1.546 Thread 0x000001e7f5e4fab0 Thread exited: 0x000001e7f5e4fab0
Event: 1.770 Thread 0x000001e7f5a3d610 Thread added: 0x000001e7f5a3d610
Event: 3.176 Thread 0x000001e7f5e54280 Thread exited: 0x000001e7f5e54280


Dynamic libraries:
0x00007ff7c5780000 - 0x00007ff7c5790000 	C:\Program Files\Java\jdk-21\bin\java.exe
0x00007ffdf8180000 - 0x00007ffdf83e5000 	C:\WINDOWS\SYSTEM32\ntdll.dll
0x00007ffdceca0000 - 0x00007ffdcecc0000 	C:\Program Files\AVG\Antivirus\aswhook.dll
0x00007ffdf7610000 - 0x00007ffdf76d9000 	C:\WINDOWS\System32\KERNEL32.DLL
0x00007ffdf5560000 - 0x00007ffdf5948000 	C:\WINDOWS\System32\KERNELBASE.dll
0x00007ffdf5360000 - 0x00007ffdf54ab000 	C:\WINDOWS\System32\ucrtbase.dll
0x00007ffdc1e50000 - 0x00007ffdc1e6b000 	C:\Program Files\Java\jdk-21\bin\VCRUNTIME140.dll
0x00007ffdb1a80000 - 0x00007ffdb1a99000 	C:\Program Files\Java\jdk-21\bin\jli.dll
0x00007ffdf6170000 - 0x00007ffdf6223000 	C:\WINDOWS\System32\ADVAPI32.dll
0x00007ffdf7f70000 - 0x00007ffdf8019000 	C:\WINDOWS\System32\msvcrt.dll
0x00007ffdf77e0000 - 0x00007ffdf7886000 	C:\WINDOWS\System32\sechost.dll
0x00007ffdf8020000 - 0x00007ffdf8135000 	C:\WINDOWS\System32\RPCRT4.dll
0x00007ffdf70d0000 - 0x00007ffdf729a000 	C:\WINDOWS\System32\USER32.dll
0x00007ffdf5a10000 - 0x00007ffdf5a37000 	C:\WINDOWS\System32\win32u.dll
0x00007ffdf7d40000 - 0x00007ffdf7d6b000 	C:\WINDOWS\System32\GDI32.dll
0x00007ffdc7be0000 - 0x00007ffdc7e7a000 	C:\WINDOWS\WinSxS\amd64_microsoft.windows.common-controls_6595b64144ccf1df_6.0.26100.4202_none_3e0698d4e335f517\COMCTL32.dll
0x00007ffdf5a40000 - 0x00007ffdf5b77000 	C:\WINDOWS\System32\gdi32full.dll
0x00007ffdf54b0000 - 0x00007ffdf5553000 	C:\WINDOWS\System32\msvcp_win.dll
0x00007ffde1450000 - 0x00007ffde145b000 	C:\WINDOWS\SYSTEM32\VERSION.dll
0x00007ffdf5fb0000 - 0x00007ffdf5fe0000 	C:\WINDOWS\System32\IMM32.DLL
0x00007ffdc5000000 - 0x00007ffdc500c000 	C:\Program Files\Java\jdk-21\bin\vcruntime140_1.dll
0x00007ffd69c60000 - 0x00007ffd69cee000 	C:\Program Files\Java\jdk-21\bin\msvcp140.dll
0x00007ffd27540000 - 0x00007ffd28257000 	C:\Program Files\Java\jdk-21\bin\server\jvm.dll
0x00007ffdf5f20000 - 0x00007ffdf5f94000 	C:\WINDOWS\System32\WS2_32.dll
0x00007ffdf5120000 - 0x00007ffdf517e000 	C:\WINDOWS\SYSTEM32\POWRPROF.dll
0x00007ffdf1df0000 - 0x00007ffdf1e25000 	C:\WINDOWS\SYSTEM32\WINMM.dll
0x00007ffdf5100000 - 0x00007ffdf5114000 	C:\WINDOWS\SYSTEM32\UMPDC.dll
0x00007ffdf4090000 - 0x00007ffdf40ab000 	C:\WINDOWS\SYSTEM32\kernel.appcore.dll
0x00007ffdc4ea0000 - 0x00007ffdc4eaa000 	C:\Program Files\Java\jdk-21\bin\jimage.dll
0x00007ffdf2890000 - 0x00007ffdf2ad1000 	C:\WINDOWS\SYSTEM32\DBGHELP.DLL
0x00007ffdf7890000 - 0x00007ffdf7c15000 	C:\WINDOWS\System32\combase.dll
0x00007ffdf7e80000 - 0x00007ffdf7f61000 	C:\WINDOWS\System32\OLEAUT32.dll
0x00007ffde0cc0000 - 0x00007ffde0cf9000 	C:\WINDOWS\SYSTEM32\dbgcore.DLL
0x00007ffdf5d00000 - 0x00007ffdf5d99000 	C:\WINDOWS\System32\bcryptPrimitives.dll
0x00007ffdaa6d0000 - 0x00007ffdaa6ef000 	C:\Program Files\Java\jdk-21\bin\java.dll
0x00007ffdf6340000 - 0x00007ffdf6a82000 	C:\WINDOWS\System32\SHELL32.dll
0x00007ffdf5b80000 - 0x00007ffdf5cf4000 	C:\WINDOWS\System32\wintypes.dll
0x00007ffdf2f00000 - 0x00007ffdf3758000 	C:\WINDOWS\SYSTEM32\windows.storage.dll
0x00007ffdf6070000 - 0x00007ffdf6161000 	C:\WINDOWS\System32\SHCORE.dll
0x00007ffdf7cd0000 - 0x00007ffdf7d3a000 	C:\WINDOWS\System32\shlwapi.dll
0x00007ffdf51e0000 - 0x00007ffdf520f000 	C:\WINDOWS\SYSTEM32\profapi.dll
0x00007ffd42cb0000 - 0x00007ffd42d87000 	C:\Program Files\Java\jdk-21\bin\jsvml.dll
0x00007ffdc2820000 - 0x00007ffdc2830000 	C:\Program Files\Java\jdk-21\bin\net.dll
0x00007ffde3b70000 - 0x00007ffde3c8e000 	C:\WINDOWS\SYSTEM32\WINHTTP.dll
0x00007ffdf4600000 - 0x00007ffdf466a000 	C:\WINDOWS\system32\mswsock.dll
0x00007ffdaa550000 - 0x00007ffdaa566000 	C:\Program Files\Java\jdk-21\bin\nio.dll
0x00007ffdaa5c0000 - 0x00007ffdaa5d8000 	C:\Program Files\Java\jdk-21\bin\zip.dll
0x00007ffdb6050000 - 0x00007ffdb6060000 	C:\Program Files\Java\jdk-21\bin\verify.dll
0x00007ffdb5d10000 - 0x00007ffdb5d1a000 	C:\Program Files\Java\jdk-21\bin\management.dll
0x00007ffdb5a50000 - 0x00007ffdb5a5b000 	C:\Program Files\Java\jdk-21\bin\management_ext.dll
0x00007ffdf77c0000 - 0x00007ffdf77c8000 	C:\WINDOWS\System32\PSAPI.DLL
0x00007ffdc4f60000 - 0x00007ffdc4f87000 	C:\Users\ADMIN\.gradle\native\1def1411415f61bf3af743bc5b6707747c0891f09f0c88961ee8f79bc544acac\windows-amd64\native-platform.dll
0x00007ffdd36c0000 - 0x00007ffdd36ca000 	C:\Users\ADMIN\.gradle\native\jansi\1.18\windows64\jansi.dll
0x00007ffdf3ad0000 - 0x00007ffdf3b03000 	C:\WINDOWS\SYSTEM32\IPHLPAPI.DLL
0x00007ffdf77d0000 - 0x00007ffdf77da000 	C:\WINDOWS\System32\NSI.dll
0x00007ffdb3ae0000 - 0x00007ffdb3ae9000 	C:\Program Files\Java\jdk-21\bin\extnet.dll
0x00007ffdf48c0000 - 0x00007ffdf48db000 	C:\WINDOWS\SYSTEM32\CRYPTSP.dll
0x00007ffdf3ff0000 - 0x00007ffdf402a000 	C:\WINDOWS\system32\rsaenh.dll
0x00007ffdf46a0000 - 0x00007ffdf46cb000 	C:\WINDOWS\SYSTEM32\USERENV.dll
0x00007ffdf51b0000 - 0x00007ffdf51d6000 	C:\WINDOWS\SYSTEM32\bcrypt.dll
0x00007ffdf48b0000 - 0x00007ffdf48bc000 	C:\WINDOWS\SYSTEM32\CRYPTBASE.dll
0x00007ffdb1a70000 - 0x00007ffdb1a7e000 	C:\Program Files\Java\jdk-21\bin\sunmscapi.dll
0x00007ffdf5da0000 - 0x00007ffdf5f17000 	C:\WINDOWS\System32\CRYPT32.dll
0x00007ffdf4ad0000 - 0x00007ffdf4b00000 	C:\WINDOWS\SYSTEM32\ncrypt.dll
0x00007ffdf4a80000 - 0x00007ffdf4abf000 	C:\WINDOWS\SYSTEM32\NTASN1.dll
0x00007ffdb5f40000 - 0x00007ffdb5f48000 	C:\WINDOWS\system32\wshunix.dll

dbghelp: loaded successfully - version: 4.0.5 - missing functions: none
symbol engine: initialized successfully - sym options: 0x614 - pdb path: .;C:\Program Files\Java\jdk-21\bin;C:\WINDOWS\SYSTEM32;C:\Program Files\AVG\Antivirus;C:\WINDOWS\WinSxS\amd64_microsoft.windows.common-controls_6595b64144ccf1df_6.0.26100.4202_none_3e0698d4e335f517;C:\Program Files\Java\jdk-21\bin\server;C:\Users\ADMIN\.gradle\native\1def1411415f61bf3af743bc5b6707747c0891f09f0c88961ee8f79bc544acac\windows-amd64;C:\Users\ADMIN\.gradle\native\jansi\1.18\windows64

VM Arguments:
jvm_args: -Xmx64m -Xms64m -Dorg.gradle.appname=gradlew 
java_command: E:\SpringBoot\StudentsCRUD\\gradle\wrapper\gradle-wrapper.jar bootRun
java_class_path (initial): E:\SpringBoot\StudentsCRUD\\gradle\wrapper\gradle-wrapper.jar
Launcher Type: SUN_STANDARD

[Global flags]
     intx CICompilerCount                          = 4                                         {product} {ergonomic}
     uint ConcGCThreads                            = 3                                         {product} {ergonomic}
     uint G1ConcRefinementThreads                  = 10                                        {product} {ergonomic}
   size_t G1HeapRegionSize                         = 1048576                                   {product} {ergonomic}
    uintx GCDrainStackTargetSize                   = 64                                        {product} {ergonomic}
   size_t InitialHeapSize                          = 67108864                                  {product} {command line}
   size_t MarkStackSize                            = 4194304                                   {product} {ergonomic}
   size_t MaxHeapSize                              = 67108864                                  {product} {command line}
   size_t MaxNewSize                               = 39845888                                  {product} {ergonomic}
   size_t MinHeapDeltaBytes                        = 1048576                                   {product} {ergonomic}
   size_t MinHeapSize                              = 67108864                                  {product} {command line}
    uintx NonNMethodCodeHeapSize                   = 5839372                                {pd product} {ergonomic}
    uintx NonProfiledCodeHeapSize                  = 122909434                              {pd product} {ergonomic}
    uintx ProfiledCodeHeapSize                     = 122909434                              {pd product} {ergonomic}
    uintx ReservedCodeCacheSize                    = 251658240                              {pd product} {ergonomic}
     bool SegmentedCodeCache                       = true                                      {product} {ergonomic}
   size_t SoftMaxHeapSize                          = 67108864                               {manageable} {ergonomic}
     bool UseCompressedOops                        = true                           {product lp64_product} {ergonomic}
     bool UseG1GC                                  = true                                      {product} {ergonomic}
     bool UseLargePagesIndividualAllocation        = false                                  {pd product} {ergonomic}

Logging:
Log output configuration:
 #0: stdout all=warning uptime,level,tags foldmultilines=false
 #1: stderr all=off uptime,level,tags foldmultilines=false

Environment Variables:
JAVA_HOME=C:\Program Files\Java\jdk-21
PATH=C:\Program Files\Common Files\Oracle\Java\javapath;C:\WINDOWS\system32;C:\WINDOWS;C:\WINDOWS\System32\Wbem;C:\WINDOWS\System32\WindowsPowerShell\v1.0\;C:\WINDOWS\System32\OpenSSH\;C:\Program Files\dotnet\;C:\Program Files\Git\cmd;C:\Users\ADMIN\AppData\Local\Programs\Python\Python39\Scripts\;C:\Users\ADMIN\AppData\Local\Programs\Python\Python39\;C:\Users\ADMIN\AppData\Local\Programs\Python\Python312\Scripts\;C:\Users\ADMIN\AppData\Local\Programs\Python\Python312\;C:\Users\ADMIN\AppData\Local\Microsoft\WindowsApps;C:\Users\ADMIN\AppData\Local\Programs\Microsoft VS Code\bin;C:\Program Files\Java\jdk-21\bin;C:\Program Files\MongoDB\Server\4.2\bin;E:\SpringBoot\IntelliJ IDEA 2025.1.2\bin;
USERNAME=ADMIN
OS=Windows_NT
PROCESSOR_IDENTIFIER=Intel64 Family 6 Model 154 Stepping 4, GenuineIntel
TMP=C:\Users\ADMIN\AppData\Local\Temp
TEMP=C:\Users\ADMIN\AppData\Local\Temp




Periodic native trim disabled

---------------  S Y S T E M  ---------------

OS:
 Windows 11 , 64 bit Build 26100 (10.0.26100.4202)
OS uptime: 0 days 10:40 hours
Hyper-V role detected

CPU: total 12 (initial active 12) (6 cores per cpu, 2 threads per core) family 6 model 154 stepping 4 microcode 0x435, cx8, cmov, fxsr, ht, mmx, 3dnowpref, sse, sse2, sse3, ssse3, sse4.1, sse4.2, popcnt, lzcnt, tsc, tscinvbit, avx, avx2, aes, erms, clmul, bmi1, bmi2, adx, sha, fma, vzeroupper, clflush, clflushopt, clwb, hv, serialize, rdtscp, rdpid, fsrm, f16c, cet_ibt, cet_ss
Processor Information for all 12 processors :
  Max Mhz: 1300, Current Mhz: 1300, Mhz Limit: 1300

Memory: 4k page, system-wide physical 7876M (642M free)
TotalPageFile size 16068M (AvailPageFile size 33M)
current process WorkingSet (physical memory assigned to process): 33M, peak: 114M
current process commit charge ("private bytes"): 189M, peak: 191M

vm_info: Java HotSpot(TM) 64-Bit Server VM (21.0.2+13-LTS-58) for windows-amd64 JRE (21.0.2+13-LTS-58), built on 2024-01-05T18:32:24Z by "mach5one" with MS VC++ 17.1 (VS2022)

END.
